 MESH 1.4 ---  (1773)
 
 READING: MESH_input_run_options.ini
 READING: MESH_drainage_database.nc
   WARNING: The variable 'ChnlSlope' being read from file as 'double' is being transferred to a variable of lower precision ('float'). Truncation may occur.
   WARNING: The variable 'lon' being read from file as 'double' is being transferred to a variable of lower precision ('float'). Truncation may occur.
   WARNING: The variable 'lat' being read from file as 'double' is being transferred to a variable of lower precision ('float'). Truncation may occur.
   WARNING: The variable 'ChnlLength' being read from file as 'double' is being transferred to a variable of lower precision ('float'). Truncation may occur.
   WARNING: The variable 'GridArea' being read from file as 'double' is being transferred to a variable of lower precision ('float'). Truncation may occur.
   WARNING: The variable 'GRU' being read from file as 'double' is being transferred to a variable of lower precision ('float'). Truncation may occur.
   REMARK: 'IAK' is missing in the file. A single river class is assumed.
   Active variables in the file: 17
   Total number of grids: 1390
   Total number of grids inside the basin: 1388
   Side length of grid: 1.000000 m
   Number of GRUs: 14
   Number of land-based tiles: 2222
   Number of river classes: 1
 READING: MESH_input_soil_levels.txt
   Number of soil layers: 3
 
 READING: Resume run configuration
   RESUMEFLAG is not active: RESUMEFLAG off
   SAVERESUMEFLAG is not active: SAVERESUMEFLAG off
 READING: MESH_parameters_CLASS.ini
 READING: MESH_parameters_hydrology.ini
 READING: MESH_parameters.txt
   Active parameters in file: 1
 READING: MESH_input_streamflow.txt
   WARNING: The measured value at the simulation start date is zero.
   This may cause channels to initialize with no storage.
   Number of streamflow gauges: 2
 READING: Climate forcing variables
   OPENING: MESH_rdrsv2.1_2010-2018.nc
   OPENING: MESH_rdrsv2.1_2010-2018.nc
   OPENING: MESH_rdrsv2.1_2010-2018.nc
   OPENING: MESH_rdrsv2.1_2010-2018.nc
   OPENING: MESH_rdrsv2.1_2010-2018.nc
   OPENING: MESH_rdrsv2.1_2010-2018.nc
   OPENING: MESH_rdrsv2.1_2010-2018.nc
   BASEFLOW component is ACTIVE.
 READING: outputs_balance.txt
   Output variables: 10
 
 
 DONE INTITIALIZATION
 
 STARTING MESH
WARNING: NON-CONVERGENCE AT POINT AT X,Y:      1   615
WARNING: NON-CONVERGENCE AT POINT AT X,Y:      1   615
WARNING: NON-CONVERGENCE AT POINT AT X,Y:      1   615
WARNING: NON-CONVERGENCE AT POINT AT X,Y:      1   615
WARNING: NON-CONVERGENCE AT POINT AT X,Y:      1   615
WARNING: NON-CONVERGENCE AT POINT AT X,Y:      1   487
WARNING: NON-CONVERGENCE AT POINT AT X,Y:      1   615
WARNING: NON-CONVERGENCE AT POINT AT X,Y:      1   615
WARNING: NON-CONVERGENCE AT POINT AT X,Y:      1   615
WARNING: NON-CONVERGENCE AT POINT AT X,Y:      1   615
WARNING: NON-CONVERGENCE AT POINT AT X,Y:      1   615
WARNING: NON-CONVERGENCE AT POINT AT X,Y:      1   615
WARNING: NON-CONVERGENCE AT POINT AT X,Y:      1   615
WARNING: NON-CONVERGENCE AT POINT AT X,Y:      1   615
WARNING: NON-CONVERGENCE AT POINT AT X,Y:      1   196
WARNING: NON-CONVERGENCE AT POINT AT X,Y:      1   615
WARNING: NON-CONVERGENCE AT POINT AT X,Y:      1   615
WARNING: NON-CONVERGENCE AT POINT AT X,Y:      1   196
WARNING: NON-CONVERGENCE AT POINT AT X,Y:      1   615
WARNING: NON-CONVERGENCE AT POINT AT X,Y:      1   615
WARNING: NON-CONVERGENCE AT POINT AT X,Y:      1   196
WARNING: NON-CONVERGENCE AT POINT AT X,Y:      1   615
WARNING: NON-CONVERGENCE AT POINT AT X,Y:      1   615
WARNING: NON-CONVERGENCE AT POINT AT X,Y:      1   615
WARNING: NON-CONVERGENCE AT POINT AT X,Y:      1   615
WARNING: NON-CONVERGENCE AT POINT AT X,Y:      1   615
WARNING: NON-CONVERGENCE AT POINT AT X,Y:      1   615
WARNING: NON-CONVERGENCE AT POINT AT X,Y:      1   615
WARNING: NON-CONVERGENCE AT POINT AT X,Y:      1   615
WARNING: NON-CONVERGENCE AT POINT AT X,Y:      1   615
WARNING: NON-CONVERGENCE AT POINT AT X,Y:      1   615
WARNING: NON-CONVERGENCE AT POINT AT X,Y:      1   615
WARNING: NON-CONVERGENCE AT POINT AT X,Y:      1   615
WARNING: NON-CONVERGENCE AT POINT AT X,Y:      1   615
WARNING: NON-CONVERGENCE AT POINT AT X,Y:      1   615
WARNING: NON-CONVERGENCE AT POINT AT X,Y:      1   615
WARNING: NON-CONVERGENCE AT POINT AT X,Y:      1   615
WARNING: NON-CONVERGENCE AT POINT AT X,Y:      1   615
WARNING: NON-CONVERGENCE AT POINT AT X,Y:      1   615
WARNING: NON-CONVERGENCE AT POINT AT X,Y:      1   615
WARNING: NON-CONVERGENCE AT POINT AT X,Y:      1   615
WARNING: NON-CONVERGENCE AT POINT AT X,Y:      1   615
WARNING: NON-CONVERGENCE AT POINT AT X,Y:      1   615
WARNING: NON-CONVERGENCE AT POINT AT X,Y:      1   615
WARNING: NON-CONVERGENCE AT POINT AT X,Y:      1   615
WARNING: NON-CONVERGENCE AT POINT AT X,Y:      1   615
WARNING: NON-CONVERGENCE AT POINT AT X,Y:      1   615
WARNING: NON-CONVERGENCE AT POINT AT X,Y:      1   615
WARNING: NON-CONVERGENCE AT POINT AT X,Y:      1   615
WARNING: NON-CONVERGENCE AT POINT AT X,Y:      1   615
WARNING: NON-CONVERGENCE AT POINT AT X,Y:      1   615
WARNING: NON-CONVERGENCE AT POINT AT X,Y:      1   156
WARNING: NON-CONVERGENCE AT POINT AT X,Y:      1   156
WARNING: NON-CONVERGENCE AT POINT AT X,Y:      1   615
WARNING: NON-CONVERGENCE AT POINT AT X,Y:      1   615
WARNING: NON-CONVERGENCE AT POINT AT X,Y:      1   615
WARNING: NON-CONVERGENCE AT POINT AT X,Y:      1   615
WARNING: NON-CONVERGENCE AT POINT AT X,Y:      1  1365
WARNING: NON-CONVERGENCE AT POINT AT X,Y:      1   196
WARNING: NON-CONVERGENCE AT POINT AT X,Y:      1   196
WARNING: NON-CONVERGENCE AT POINT AT X,Y:      1   196
WARNING: NON-CONVERGENCE AT POINT AT X,Y:      1   196
WARNING: NON-CONVERGENCE AT POINT AT X,Y:      1   196
WARNING: NON-CONVERGENCE AT POINT AT X,Y:      1   196
  2010/01/31     0.000     6.919     0.000     2.678    31.495       NaN     6.550
  2010/02/28     0.000     6.056     0.000     2.392     9.314       NaN     1.651
  2010/03/31    10.400     5.253     0.000     2.163     5.776       NaN     1.684
  2010/04/30    19.300     4.607    10.700     3.155    61.302       NaN     1.654
  2010/05/31    19.100     4.043    13.100     1.709    94.248       NaN     1.505
  2010/06/30    19.000     3.568    20.300     1.496    79.128       NaN     1.292
  2010/07/31    19.000     3.151    20.700     1.340    40.599       NaN     1.008
  2010/08/31    18.600     2.796    19.100     1.407    55.406       NaN     0.920
  2010/09/30     0.000     2.500    17.800     1.089    51.664       NaN     0.810
  2010/10/31     0.000     2.235    17.700     0.984     7.982       NaN     0.730
  2010/11/30     0.000     2.011     6.810     0.895    45.437       NaN     0.639
  2010/12/31     0.000     1.809     0.000     0.813    22.218       NaN     0.599
  2011/01/31     0.000     1.632     0.000     0.741    60.698       NaN     0.544
  2011/02/28     0.000     1.491     0.000     0.682    23.887       NaN     0.449
  2011/03/31    17.200     1.352     0.000     0.624    32.771       NaN     0.457
  2011/04/30    11.200     1.234     0.000     1.699    46.733       NaN     0.719
  2011/05/31    18.500     1.127    17.500     2.665   114.370       NaN     0.646
  2011/06/30    18.500     1.029    17.600     0.486    87.307       NaN     0.514
  2011/07/31    18.500     0.944    18.900     0.448    39.118       NaN     0.362
  2011/08/31    17.000     0.863    18.200     0.414    23.092       NaN     0.301
  2011/09/30     8.560     0.796    17.100     0.384     8.194       NaN     0.268
  2011/10/31     0.000     0.732    16.900     0.356    25.073       NaN     0.326
  2011/11/30     0.000     0.677     0.000     0.331    17.433       NaN     0.230
  2011/12/31     0.000     0.626     0.000     0.308    13.635       NaN     0.221
  2012/01/31     0.000     0.579     0.000     0.286    11.514       NaN     0.205
  2012/02/29     0.000     0.539     0.000     0.268    17.086       NaN     0.179
  2012/03/31     0.000     0.502     0.000     0.253    23.807       NaN     0.272
  2012/04/30     0.000     0.466     2.870     0.402    48.413       NaN     0.208
  2012/05/31    12.900     0.435    19.100     0.245    83.958       NaN     0.241
  2012/06/30    19.500     0.406    17.300     0.205    53.478       NaN     0.203
  2012/07/31     0.701     0.378    14.400     0.193    21.355       NaN     0.158
  2012/08/31     0.000     0.353    17.900     0.181    17.913       NaN     0.129
  2012/09/30     0.000     0.331    17.100     0.170     5.149       NaN     0.117
  2012/10/31     0.000     0.310    14.900     0.160    35.532       NaN     0.130
  2012/11/30     0.000     0.292     0.000     0.151    33.918       NaN     0.104
  2012/12/31     0.000     0.274     0.000     0.142    19.007       NaN     0.101
  2013/01/31     0.000     0.257     0.000     0.134    35.834       NaN     0.095
  2013/02/28     0.000     0.243     0.000     0.127     7.466       NaN     0.081
  2013/03/31    14.600     0.229     0.000     0.120    22.452       NaN     0.108
  2013/04/30    11.400     0.217     8.770     0.135    35.888       NaN     0.272
  2013/05/31    17.900     0.207     7.610     4.388    84.288       NaN     0.184
  2013/06/30    18.500     0.196    13.200     0.102   101.605       NaN     0.278
  2013/07/31    19.500     0.185     0.003     0.097    43.401       NaN     0.090
  2013/08/31     8.900     0.173    16.500     0.092    37.056       NaN     0.102
  2013/09/30     0.000     0.164     4.190     0.098    59.171       NaN     0.122
  2013/10/31     0.000     0.156     0.000     0.083    13.317       NaN     0.059
  2013/11/30     0.000     0.147     0.000     0.079    16.342       NaN     0.054
  2013/12/31     0.000     0.140     0.000     0.075    39.216       NaN     0.053
  2014/01/31     0.000     0.132     0.000     0.072    10.494       NaN     0.050
  2014/02/28     0.000     0.126     0.000     0.069    10.011       NaN     0.043
  2014/03/31    14.300     0.120     0.000     0.065    27.679       NaN     0.079
  2014/04/30     8.380     0.116     0.000     0.134    29.822       NaN     0.205
  2014/05/31    18.600     0.110    14.300     0.060    34.998       NaN     0.066
  2014/06/30    19.400     0.104    18.600     0.057    91.049       NaN     0.285
  2014/07/31    19.300     0.100    18.800     0.054    24.362       NaN     0.039
  2014/08/31     0.000     0.095    13.000     0.057   124.513       NaN     0.199
  2014/09/30     0.000     0.095    15.700     0.050    33.774       NaN     0.040
  2014/10/31     0.000     0.087    11.400     0.048    14.731       NaN     0.035
  2014/11/30     0.000     0.083     0.000     0.046    23.866       NaN     0.031
  2014/12/31     0.000     0.079     0.000     0.044    12.180       NaN     0.031
  2015/01/31     0.000     0.075     0.000     0.042    22.974       NaN     0.029
  2015/02/28     0.000     0.072     0.000     0.040    14.657       NaN     0.026
  2015/03/31     7.350     0.069     0.000     0.112    23.986       NaN     0.153
  2015/04/30    17.300     0.070     0.000     0.037    19.194       NaN     0.032
  2015/05/31    19.600     0.064     1.290     0.036    38.141       NaN     0.039
  2015/06/30    19.500     0.061    17.500     0.034    25.287       NaN     0.034
  2015/07/31    18.400     0.059    17.400     0.128    81.495       NaN     0.107
  2015/08/31    17.900     0.058    16.900     0.032    19.120       NaN     0.024
  2015/09/30     0.000     0.055    15.900     0.031    40.972       NaN     0.106
  2015/10/31     0.000     0.053     0.000     0.029    29.127       NaN     0.042
  2015/11/30     0.000     0.051     0.000     0.028    18.974       NaN     0.020
  2015/12/31     0.000     0.048     0.000     0.027    17.150       NaN     0.019
  2016/01/31     0.000     0.046     0.000     0.026    15.635       NaN     0.018
  2016/02/29     0.000     0.045     0.000     0.025     7.249       NaN     0.018
  2016/03/31     0.000     0.043     0.000     0.024    11.178       NaN     0.081
  2016/04/30     8.190     0.042     0.000     0.107    63.963       NaN     0.064
  2016/05/31     8.240     0.041    13.500     0.057    76.392       NaN     0.101
  2016/06/30    18.200     0.040    19.000     0.022    52.911       NaN     0.032
  2016/07/31    16.800     0.038     0.072     0.021    61.427       NaN     0.029
  2016/08/31    16.500     0.036     9.060     0.020    26.251       NaN     0.024
  2016/09/30     0.000     0.035     0.000     0.028    52.322       NaN     0.044
  2016/10/31     0.000     0.034     0.000     2.673   110.801       NaN     0.137
  2016/11/30     0.000     0.036     0.000     0.019     3.959       NaN     0.013
  2016/12/31     0.000     0.033     0.000     0.018    18.186       NaN     0.012
  2017/01/31     0.000     0.030     0.000     0.017    18.127       NaN     0.012
  2017/02/28     0.000     0.029     0.000     0.017    23.510       NaN     0.013
  2017/03/31    11.800     0.028     0.000     0.178    21.467       NaN     0.084
  2017/04/30     5.020     0.027     0.000     0.022    32.177       NaN     0.064
  2017/05/31    17.200     0.028     0.000     0.015    19.320       NaN     0.027
  2017/06/30    17.100     0.026    10.800     0.015    29.266       NaN     0.060
  2017/07/31    16.100     0.025    15.000     0.014    10.948       NaN     0.016
  2017/08/31    16.500     0.024    16.900     0.014    10.466       NaN     0.010
  2017/09/30     0.000     0.023    17.500     0.013    17.582       NaN     0.013
  2017/10/31     0.000     0.022    16.100     0.013    30.613       NaN     0.017
  2017/11/30     0.000     0.022     0.000     0.013    18.678       NaN     0.009
  2017/12/31     0.000     0.021     0.000     0.012    27.498       NaN     0.009
  2018/01/31     0.000     0.020     0.000     0.012     9.406       NaN     0.008
  2018/02/28     0.000     0.020     0.000     0.012    27.535       NaN     0.007
  2018/03/31    14.800     0.019     0.000     0.018    34.570       NaN     0.013
  2018/04/30    17.100     0.019     0.000     0.015    16.422       NaN     0.181
  2018/05/31    20.100     0.019     0.000     0.011    31.605       NaN     0.065
  2018/06/30    18.700     0.019    17.600     0.010    43.553       NaN     0.036
  2018/07/31    15.500     0.017    16.700     0.010    17.100       NaN     0.007
  2018/08/31     0.000     0.017    17.000     0.010    20.417       NaN     0.021
  2018/09/30     0.000     0.016    16.900     0.011    39.599       NaN     0.021
  2018/10/31     0.000     0.016    17.200     0.009    18.828       NaN     0.012
  2018/11/30     0.000     0.016     0.000     0.009    24.076       NaN     0.010
 Reached simulation end date.
 
 Basin water balance end of run totals (mm)
   Total precipitation              =   4732.468
   Total evapotranspiration         =            NaN
   Total runoff                     =   14.70744
     Overland         =  0.2765679E-02
     Lateral          =   3.661002
     Drainage (soil)  =   11.04332
   Change in storage                =            NaN
     Initial          =   582.5104
     Final            =            NaN
 
 
 Program has terminated normally.
