 MESH 1.4 ---  (1773)
 
 READING: MESH_input_run_options.ini
 READING: MESH_drainage_database.nc
   WARNING: The variable 'ChnlSlope' being read from file as 'double' is being transferred to a variable of lower precision ('float'). Truncation may occur.
   WARNING: The variable 'lon' being read from file as 'double' is being transferred to a variable of lower precision ('float'). Truncation may occur.
   WARNING: The variable 'lat' being read from file as 'double' is being transferred to a variable of lower precision ('float'). Truncation may occur.
   WARNING: The variable 'ChnlLength' being read from file as 'double' is being transferred to a variable of lower precision ('float'). Truncation may occur.
   WARNING: The variable 'GridArea' being read from file as 'double' is being transferred to a variable of lower precision ('float'). Truncation may occur.
   WARNING: The variable 'GRU' being read from file as 'double' is being transferred to a variable of lower precision ('float'). Truncation may occur.
   REMARK: 'IAK' is missing in the file. A single river class is assumed.
   Active variables in the file: 17
   Total number of grids: 1390
   Total number of grids inside the basin: 1388
   Side length of grid: 1.000000 m
   Number of GRUs: 14
   Number of land-based tiles: 2222
   Number of river classes: 1
 READING: MESH_input_soil_levels.txt
   Number of soil layers: 3
 
 READING: Resume run configuration
   RESUMEFLAG is not active: RESUMEFLAG off
   SAVERESUMEFLAG is not active: SAVERESUMEFLAG off
 READING: MESH_parameters_CLASS.ini
 READING: MESH_parameters_hydrology.ini
 READING: MESH_parameters.txt
   Active parameters in file: 1
 READING: MESH_input_streamflow.txt
   WARNING: The measured value at the simulation start date is zero.
   This may cause channels to initialize with no storage.
   Number of streamflow gauges: 2
 READING: Climate forcing variables
   OPENING: MESH_rdrsv2.1_2010-2018.nc
   OPENING: MESH_rdrsv2.1_2010-2018.nc
   OPENING: MESH_rdrsv2.1_2010-2018.nc
   OPENING: MESH_rdrsv2.1_2010-2018.nc
   OPENING: MESH_rdrsv2.1_2010-2018.nc
   OPENING: MESH_rdrsv2.1_2010-2018.nc
   OPENING: MESH_rdrsv2.1_2010-2018.nc
   BASEFLOW component is ACTIVE.
 READING: outputs_balance.txt
   Output variables: 10
 
 
 DONE INTITIALIZATION
 
 STARTING MESH
WARNING: NON-CONVERGENCE AT POINT AT X,Y:      1   615
WARNING: NON-CONVERGENCE AT POINT AT X,Y:      1   615
WARNING: NON-CONVERGENCE AT POINT AT X,Y:      1   615
WARNING: NON-CONVERGENCE AT POINT AT X,Y:      1   615
WARNING: NON-CONVERGENCE AT POINT AT X,Y:      1   615
WARNING: NON-CONVERGENCE AT POINT AT X,Y:      1   487
WARNING: NON-CONVERGENCE AT POINT AT X,Y:      1   615
WARNING: NON-CONVERGENCE AT POINT AT X,Y:      1   615
WARNING: NON-CONVERGENCE AT POINT AT X,Y:      1   615
WARNING: NON-CONVERGENCE AT POINT AT X,Y:      1   615
WARNING: NON-CONVERGENCE AT POINT AT X,Y:      1   615
WARNING: NON-CONVERGENCE AT POINT AT X,Y:      1   196
WARNING: NON-CONVERGENCE AT POINT AT X,Y:      1   615
WARNING: NON-CONVERGENCE AT POINT AT X,Y:      1   615
WARNING: NON-CONVERGENCE AT POINT AT X,Y:      1   196
WARNING: NON-CONVERGENCE AT POINT AT X,Y:      1   615
WARNING: NON-CONVERGENCE AT POINT AT X,Y:      1   615
WARNING: NON-CONVERGENCE AT POINT AT X,Y:      1   196
WARNING: NON-CONVERGENCE AT POINT AT X,Y:      1   615
WARNING: NON-CONVERGENCE AT POINT AT X,Y:      1   615
WARNING: NON-CONVERGENCE AT POINT AT X,Y:      1   615
WARNING: NON-CONVERGENCE AT POINT AT X,Y:      1   615
WARNING: NON-CONVERGENCE AT POINT AT X,Y:      1   615
WARNING: NON-CONVERGENCE AT POINT AT X,Y:      1   615
WARNING: NON-CONVERGENCE AT POINT AT X,Y:      1   615
WARNING: NON-CONVERGENCE AT POINT AT X,Y:      1   615
WARNING: NON-CONVERGENCE AT POINT AT X,Y:      1   615
WARNING: NON-CONVERGENCE AT POINT AT X,Y:      1   615
WARNING: NON-CONVERGENCE AT POINT AT X,Y:      1   615
WARNING: NON-CONVERGENCE AT POINT AT X,Y:      1   615
WARNING: NON-CONVERGENCE AT POINT AT X,Y:      1   615
WARNING: NON-CONVERGENCE AT POINT AT X,Y:      1   615
WARNING: NON-CONVERGENCE AT POINT AT X,Y:      1   615
WARNING: NON-CONVERGENCE AT POINT AT X,Y:      1   615
WARNING: NON-CONVERGENCE AT POINT AT X,Y:      1   615
WARNING: NON-CONVERGENCE AT POINT AT X,Y:      1   615
WARNING: NON-CONVERGENCE AT POINT AT X,Y:      1   615
WARNING: NON-CONVERGENCE AT POINT AT X,Y:      1   615
WARNING: NON-CONVERGENCE AT POINT AT X,Y:      1   615
WARNING: NON-CONVERGENCE AT POINT AT X,Y:      1   615
WARNING: NON-CONVERGENCE AT POINT AT X,Y:      1   615
WARNING: NON-CONVERGENCE AT POINT AT X,Y:      1   615
WARNING: NON-CONVERGENCE AT POINT AT X,Y:      1   615
WARNING: NON-CONVERGENCE AT POINT AT X,Y:      1   615
WARNING: NON-CONVERGENCE AT POINT AT X,Y:      1   615
WARNING: NON-CONVERGENCE AT POINT AT X,Y:      1   615
WARNING: NON-CONVERGENCE AT POINT AT X,Y:      1   615
WARNING: NON-CONVERGENCE AT POINT AT X,Y:      1   615
WARNING: NON-CONVERGENCE AT POINT AT X,Y:      1   615
WARNING: NON-CONVERGENCE AT POINT AT X,Y:      1   615
WARNING: NON-CONVERGENCE AT POINT AT X,Y:      1   615
WARNING: NON-CONVERGENCE AT POINT AT X,Y:      1   156
WARNING: NON-CONVERGENCE AT POINT AT X,Y:      1   156
WARNING: NON-CONVERGENCE AT POINT AT X,Y:      1   615
WARNING: NON-CONVERGENCE AT POINT AT X,Y:      1   615
WARNING: NON-CONVERGENCE AT POINT AT X,Y:      1   615
WARNING: NON-CONVERGENCE AT POINT AT X,Y:      1   615
WARNING: NON-CONVERGENCE AT POINT AT X,Y:      1  1365
WARNING: NON-CONVERGENCE AT POINT AT X,Y:      1   196
WARNING: NON-CONVERGENCE AT POINT AT X,Y:      1   196
WARNING: NON-CONVERGENCE AT POINT AT X,Y:      1   196
WARNING: NON-CONVERGENCE AT POINT AT X,Y:      1   196
WARNING: NON-CONVERGENCE AT POINT AT X,Y:      1   196
WARNING: NON-CONVERGENCE AT POINT AT X,Y:      1   196
WARNING: NON-CONVERGENCE AT POINT AT X,Y:      1   196
  2010/01/31     2.720     1.634     0.000     2.678    31.495       NaN     6.550
  2010/02/28     2.720     1.520     0.000     2.392     9.314       NaN     1.651
  2010/03/31     2.920     2.527     8.100     2.163     5.776       NaN     1.684
  2010/04/30    16.500    10.645    25.400     3.155    61.302       NaN     1.654
  2010/05/31    52.700     9.884    61.700     1.709    94.248       NaN     1.505
  2010/06/30    97.700     1.389    24.200     1.496    79.128       NaN     1.292
  2010/07/31    24.200     1.028    25.900     1.340    40.599       NaN     1.008
  2010/08/31    13.000     0.786    24.300     1.407    55.406       NaN     0.920
  2010/09/30    22.700     0.932     5.240     1.089    51.664       NaN     0.810
  2010/10/31     6.800     0.641     3.480     0.984     7.982       NaN     0.730
  2010/11/30     7.360     0.582     0.000     0.895    45.437       NaN     0.639
  2010/12/31     7.080     0.530     0.000     0.813    22.218       NaN     0.599
  2011/01/31     6.510     0.484     0.000     0.741    60.698       NaN     0.544
  2011/02/28     3.680     0.447     0.000     0.682    23.887       NaN     0.449
  2011/03/31    12.700     0.487    17.000     0.624    32.771       NaN     0.457
  2011/04/30    24.300     1.989    24.600     1.699    46.733       NaN     0.719
  2011/05/31    97.700     6.341    57.500     2.665   114.370       NaN     0.646
  2011/06/30    98.300     0.348    15.600     0.486    87.307       NaN     0.514
  2011/07/31    55.500     0.297     4.810     0.448    39.118       NaN     0.362
  2011/08/31    15.300     0.275    14.800     0.414    23.092       NaN     0.301
  2011/09/30     7.110     0.256     8.750     0.384     8.194       NaN     0.268
  2011/10/31     8.500     0.255     3.480     0.356    25.073       NaN     0.326
  2011/11/30     6.600     0.221     0.000     0.331    17.433       NaN     0.230
  2011/12/31     2.550     0.206     0.000     0.308    13.635       NaN     0.221
  2012/01/31     2.550     0.192     0.000     0.286    11.514       NaN     0.205
  2012/02/29     2.830     0.181     0.000     0.268    17.086       NaN     0.179
  2012/03/31     8.270     2.081     5.750     0.253    23.807       NaN     0.272
  2012/04/30    63.700     2.444    19.100     0.402    48.413       NaN     0.208
  2012/05/31    37.700     1.453    24.200     0.245    83.958       NaN     0.241
  2012/06/30   105.000     0.885    28.300     0.205    53.478       NaN     0.203
  2012/07/31    13.900     0.199    16.400     0.193    21.355       NaN     0.158
  2012/08/31     7.220     0.124    15.600     0.181    17.913       NaN     0.129
  2012/09/30     6.030     0.117     2.100     0.170     5.149       NaN     0.117
  2012/10/31    13.200     0.151     2.100     0.160    35.532       NaN     0.130
  2012/11/30    14.200     0.105     0.000     0.151    33.918       NaN     0.104
  2012/12/31     6.510     0.098     0.000     0.142    19.007       NaN     0.101
  2013/01/31     3.120     0.093     0.000     0.134    35.834       NaN     0.095
  2013/02/28     2.690     0.088     0.000     0.127     7.466       NaN     0.081
  2013/03/31     4.930     0.129    18.500     0.120    22.452       NaN     0.108
  2013/04/30    14.900     2.019    15.000     0.135    35.888       NaN     0.272
  2013/05/31    55.200     1.780    36.200     4.388    84.288       NaN     0.184
  2013/06/30    56.400     0.612    15.600     0.102   101.605       NaN     0.278
  2013/07/31    18.000     0.087    15.900     0.097    43.401       NaN     0.090
  2013/08/31     9.490     0.089    14.200     0.092    37.056       NaN     0.102
  2013/09/30     9.230     0.127     6.740     0.098    59.171       NaN     0.122
  2013/10/31     7.140     0.070     1.220     0.083    13.317       NaN     0.059
  2013/11/30     4.810     0.056     0.000     0.079    16.342       NaN     0.054
  2013/12/31     2.690     0.054     0.000     0.075    39.216       NaN     0.053
  2014/01/31     2.550     0.051     0.000     0.072    10.494       NaN     0.050
  2014/02/28     2.550     0.049     0.000     0.069    10.011       NaN     0.043
  2014/03/31     6.650     0.085     5.600     0.065    27.679       NaN     0.079
  2014/04/30    30.900     2.319     8.600     0.134    29.822       NaN     0.205
  2014/05/31    94.600     0.119    19.800     0.060    34.998       NaN     0.066
  2014/06/30   108.000     0.498    38.500     0.057    91.049       NaN     0.285
  2014/07/31    19.700     0.046    16.300     0.054    24.362       NaN     0.039
  2014/08/31    14.800     0.914    21.000     0.057   124.513       NaN     0.199
  2014/09/30     8.520     0.174     2.500     0.050    33.774       NaN     0.040
  2014/10/31    10.900     0.057     2.100     0.048    14.731       NaN     0.035
  2014/11/30    11.300     0.034     0.000     0.046    23.866       NaN     0.031
  2014/12/31     7.360     0.033     0.000     0.044    12.180       NaN     0.031
  2015/01/31     5.380     0.031     0.000     0.042    22.974       NaN     0.029
  2015/02/28    14.900     0.033     0.000     0.040    14.657       NaN     0.026
  2015/03/31    31.200     0.672     6.030     0.112    23.986       NaN     0.153
  2015/04/30    17.300     0.108     6.540     0.037    19.194       NaN     0.032
  2015/05/31    46.200     0.240    21.800     0.036    38.141       NaN     0.039
  2015/06/30    19.000     0.059    14.400     0.034    25.287       NaN     0.034
  2015/07/31     9.350     0.155    15.400     0.128    81.495       NaN     0.107
  2015/08/31     9.230     0.027    14.700     0.032    19.120       NaN     0.024
  2015/09/30     5.950     0.079     1.020     0.031    40.972       NaN     0.106
  2015/10/31     4.140     0.025     0.991     0.029    29.127       NaN     0.042
  2015/11/30     7.360     0.022     0.000     0.028    18.974       NaN     0.020
  2015/12/31     7.080     0.020     0.000     0.027    17.150       NaN     0.019
  2016/01/31     3.960     0.020     0.000     0.026    15.635       NaN     0.018
  2016/02/29     5.860     0.039     0.000     0.025     7.249       NaN     0.018
  2016/03/31     7.160     0.495     2.040     0.024    11.178       NaN     0.081
  2016/04/30    31.700     0.517    17.000     0.107    63.963       NaN     0.064
  2016/05/31    46.400     0.890    10.700     0.057    76.392       NaN     0.101
  2016/06/30    27.600     0.036    15.900     0.022    52.911       NaN     0.032
  2016/07/31    16.100     0.079    16.500     0.021    61.427       NaN     0.029
  2016/08/31     8.130     0.098    10.000     0.020    26.251       NaN     0.024
  2016/09/30    14.000     0.223     1.250     0.028    52.322       NaN     0.044
  2016/10/31    30.600     0.028     1.220     2.673   110.801       NaN     0.137
  2016/11/30    23.500     0.046     0.000     0.019     3.959       NaN     0.013
  2016/12/31     4.810     0.016     0.000     0.018    18.186       NaN     0.012
  2017/01/31     3.140     0.013     0.000     0.017    18.127       NaN     0.012
  2017/02/28     6.060     0.014     0.000     0.017    23.510       NaN     0.013
  2017/03/31    26.200     0.782     7.330     0.178    21.467       NaN     0.084
  2017/04/30    21.400     3.438    12.700     0.022    32.177       NaN     0.064
  2017/05/31    67.700     0.368    18.700     0.015    19.320       NaN     0.027
  2017/06/30    40.600     0.173    15.500     0.015    29.266       NaN     0.060
  2017/07/31    15.100     0.046    12.500     0.014    10.948       NaN     0.016
  2017/08/31     6.220     0.013    13.400     0.014    10.466       NaN     0.010
  2017/09/30     4.140     0.011     3.290     0.013    17.582       NaN     0.013
  2017/10/31     3.430     0.011     0.696     0.013    30.613       NaN     0.017
  2017/11/30    35.100     0.011     0.000     0.013    18.678       NaN     0.009
  2017/12/31     5.950     0.010     0.000     0.012    27.498       NaN     0.009
  2018/01/31     4.530     0.009     0.000     0.012     9.406       NaN     0.008
  2018/02/28     2.350     0.009     0.000     0.012    27.535       NaN     0.007
  2018/03/31     2.940     0.041    11.400     0.018    34.570       NaN     0.013
  2018/04/30    30.600     8.698    22.400     0.015    16.422       NaN     0.181
  2018/05/31    96.000     0.287    19.300     0.011    31.605       NaN     0.065
  2018/06/30    55.600     0.374    17.300     0.010    43.553       NaN     0.036
  2018/07/31    16.000     0.021    14.000     0.010    17.100       NaN     0.007
  2018/08/31     7.300     1.181    19.600     0.010    20.417       NaN     0.021
  2018/09/30    10.200     0.032     9.780     0.011    39.599       NaN     0.021
  2018/10/31     9.590     0.023     1.440     0.009    18.828       NaN     0.012
  2018/11/30     5.860     0.020     0.000     0.009    24.076       NaN     0.010
 Reached simulation end date.
 
 Basin water balance end of run totals (mm)
   Total precipitation              =   4732.468
   Total evapotranspiration         =            NaN
   Total runoff                     =   14.70744
     Overland         =  0.2765679E-02
     Lateral          =   3.661002
     Drainage (soil)  =   11.04332
   Change in storage                =            NaN
     Initial          =   582.5104
     Final            =            NaN
 
 
 Program has terminated normally.
