 MESH 1.4 ---  (1773)
 
 READING: MESH_input_run_options.ini
 READING: MESH_drainage_database.nc
   WARNING: The variable 'ChnlSlope' being read from file as 'double' is being transferred to a variable of lower precision ('float'). Truncation may occur.
   WARNING: The variable 'lon' being read from file as 'double' is being transferred to a variable of lower precision ('float'). Truncation may occur.
   WARNING: The variable 'lat' being read from file as 'double' is being transferred to a variable of lower precision ('float'). Truncation may occur.
   WARNING: The variable 'ChnlLength' being read from file as 'double' is being transferred to a variable of lower precision ('float'). Truncation may occur.
   WARNING: The variable 'GridArea' being read from file as 'double' is being transferred to a variable of lower precision ('float'). Truncation may occur.
   WARNING: The variable 'GRU' being read from file as 'double' is being transferred to a variable of lower precision ('float'). Truncation may occur.
   REMARK: 'IAK' is missing in the file. A single river class is assumed.
   Active variables in the file: 17
   Total number of grids: 1390
   Total number of grids inside the basin: 1388
   Side length of grid: 1.000000 m
   Number of GRUs: 14
   Number of land-based tiles: 2222
   Number of river classes: 1
 READING: MESH_input_soil_levels.txt
   Number of soil layers: 3
 
 READING: Resume run configuration
   RESUMEFLAG is not active: RESUMEFLAG off
   SAVERESUMEFLAG is not active: SAVERESUMEFLAG off
 READING: MESH_parameters_CLASS.ini
 READING: MESH_parameters_hydrology.ini
 READING: MESH_parameters.txt
   Active parameters in file: 1
 READING: MESH_input_streamflow.txt
   Number of streamflow gauges: 2
 READING: Climate forcing variables
   OPENING: MESH_rdrsv2.1_2010-2018.nc
   OPENING: MESH_rdrsv2.1_2010-2018.nc
   OPENING: MESH_rdrsv2.1_2010-2018.nc
   OPENING: MESH_rdrsv2.1_2010-2018.nc
   OPENING: MESH_rdrsv2.1_2010-2018.nc
   OPENING: MESH_rdrsv2.1_2010-2018.nc
   OPENING: MESH_rdrsv2.1_2010-2018.nc
   BASEFLOW component is ACTIVE.
 READING: outputs_balance.txt
   Output variables: 10
 
 
 DONE INTITIALIZATION
 
 STARTING MESH
WARNING: NON-CONVERGENCE AT POINT AT X,Y:      1   615
WARNING: NON-CONVERGENCE AT POINT AT X,Y:      1   615
WARNING: NON-CONVERGENCE AT POINT AT X,Y:      1   615
WARNING: NON-CONVERGENCE AT POINT AT X,Y:      1   615
WARNING: NON-CONVERGENCE AT POINT AT X,Y:      1   615
WARNING: NON-CONVERGENCE AT POINT AT X,Y:      1   196
WARNING: NON-CONVERGENCE AT POINT AT X,Y:      1   615
WARNING: NON-CONVERGENCE AT POINT AT X,Y:      1   615
WARNING: NON-CONVERGENCE AT POINT AT X,Y:      1   196
WARNING: NON-CONVERGENCE AT POINT AT X,Y:      1   615
WARNING: NON-CONVERGENCE AT POINT AT X,Y:      1   615
WARNING: NON-CONVERGENCE AT POINT AT X,Y:      1   615
WARNING: NON-CONVERGENCE AT POINT AT X,Y:      1   615
WARNING: NON-CONVERGENCE AT POINT AT X,Y:      1   615
WARNING: NON-CONVERGENCE AT POINT AT X,Y:      1   615
WARNING: NON-CONVERGENCE AT POINT AT X,Y:      1   615
WARNING: NON-CONVERGENCE AT POINT AT X,Y:      1   615
WARNING: NON-CONVERGENCE AT POINT AT X,Y:      1   615
WARNING: NON-CONVERGENCE AT POINT AT X,Y:      1   615
WARNING: NON-CONVERGENCE AT POINT AT X,Y:      1   615
WARNING: NON-CONVERGENCE AT POINT AT X,Y:      1   615
WARNING: NON-CONVERGENCE AT POINT AT X,Y:      1   615
WARNING: NON-CONVERGENCE AT POINT AT X,Y:      1   615
WARNING: NON-CONVERGENCE AT POINT AT X,Y:      1   615
WARNING: NON-CONVERGENCE AT POINT AT X,Y:      1   615
WARNING: NON-CONVERGENCE AT POINT AT X,Y:      1   615
WARNING: NON-CONVERGENCE AT POINT AT X,Y:      1   615
WARNING: NON-CONVERGENCE AT POINT AT X,Y:      1   615
WARNING: NON-CONVERGENCE AT POINT AT X,Y:      1   615
WARNING: NON-CONVERGENCE AT POINT AT X,Y:      1   615
WARNING: NON-CONVERGENCE AT POINT AT X,Y:      1   615
WARNING: NON-CONVERGENCE AT POINT AT X,Y:      1   615
WARNING: NON-CONVERGENCE AT POINT AT X,Y:      1   615
WARNING: NON-CONVERGENCE AT POINT AT X,Y:      1   615
WARNING: NON-CONVERGENCE AT POINT AT X,Y:      1   615
WARNING: NON-CONVERGENCE AT POINT AT X,Y:      1   615
WARNING: NON-CONVERGENCE AT POINT AT X,Y:      1   615
WARNING: NON-CONVERGENCE AT POINT AT X,Y:      1   615
WARNING: NON-CONVERGENCE AT POINT AT X,Y:      1   615
WARNING: NON-CONVERGENCE AT POINT AT X,Y:      1   615
WARNING: NON-CONVERGENCE AT POINT AT X,Y:      1   615
WARNING: NON-CONVERGENCE AT POINT AT X,Y:      1   615
WARNING: NON-CONVERGENCE AT POINT AT X,Y:      1   615
WARNING: NON-CONVERGENCE AT POINT AT X,Y:      1   615
WARNING: NON-CONVERGENCE AT POINT AT X,Y:      1   615
WARNING: NON-CONVERGENCE AT POINT AT X,Y:      1   615
WARNING: NON-CONVERGENCE AT POINT AT X,Y:      1   615
WARNING: NON-CONVERGENCE AT POINT AT X,Y:      1   615
WARNING: NON-CONVERGENCE AT POINT AT X,Y:      1   615
WARNING: NON-CONVERGENCE AT POINT AT X,Y:      1   615
WARNING: NON-CONVERGENCE AT POINT AT X,Y:      1   615
WARNING: NON-CONVERGENCE AT POINT AT X,Y:      1   156
WARNING: NON-CONVERGENCE AT POINT AT X,Y:      1   156
WARNING: NON-CONVERGENCE AT POINT AT X,Y:      1   615
WARNING: NON-CONVERGENCE AT POINT AT X,Y:      1   615
WARNING: NON-CONVERGENCE AT POINT AT X,Y:      1   615
WARNING: NON-CONVERGENCE AT POINT AT X,Y:      1   615
WARNING: NON-CONVERGENCE AT POINT AT X,Y:      1  1365
WARNING: NON-CONVERGENCE AT POINT AT X,Y:      1  1310
WARNING: NON-CONVERGENCE AT POINT AT X,Y:      1   196
WARNING: NON-CONVERGENCE AT POINT AT X,Y:      1   196
WARNING: NON-CONVERGENCE AT POINT AT X,Y:      1   196
WARNING: NON-CONVERGENCE AT POINT AT X,Y:      1   196
WARNING: NON-CONVERGENCE AT POINT AT X,Y:      1  1310
WARNING: NON-CONVERGENCE AT POINT AT X,Y:      1   196
WARNING: NON-CONVERGENCE AT POINT AT X,Y:      1   196
WARNING: NON-CONVERGENCE AT POINT AT X,Y:      1  1310
WARNING: NON-CONVERGENCE AT POINT AT X,Y:      1  1310
WARNING: NON-CONVERGENCE AT POINT AT X,Y:      1  1310
WARNING: NON-CONVERGENCE AT POINT AT X,Y:      1  1310
WARNING: NON-CONVERGENCE AT POINT AT X,Y:      1  1310
WARNING: NON-CONVERGENCE AT POINT AT X,Y:      1  1310
WARNING: NON-CONVERGENCE AT POINT AT X,Y:      1  1310
WARNING: NON-CONVERGENCE AT POINT AT X,Y:      1  1310
WARNING: NON-CONVERGENCE AT POINT AT X,Y:      1  1310
WARNING: NON-CONVERGENCE AT POINT AT X,Y:      1  1310
WARNING: NON-CONVERGENCE AT POINT AT X,Y:      1  1310
WARNING: NON-CONVERGENCE AT POINT AT X,Y:      1  1310
WARNING: NON-CONVERGENCE AT POINT AT X,Y:      1  1310
WARNING: NON-CONVERGENCE AT POINT AT X,Y:      1  1310
WARNING: NON-CONVERGENCE AT POINT AT X,Y:      1  1310
WARNING: NON-CONVERGENCE AT POINT AT X,Y:      1  1310
WARNING: NON-CONVERGENCE AT POINT AT X,Y:      1  1310
WARNING: NON-CONVERGENCE AT POINT AT X,Y:      1  1310
WARNING: NON-CONVERGENCE AT POINT AT X,Y:      1  1310
WARNING: NON-CONVERGENCE AT POINT AT X,Y:      1  1310
WARNING: NON-CONVERGENCE AT POINT AT X,Y:      1  1310
WARNING: NON-CONVERGENCE AT POINT AT X,Y:      1  1310
WARNING: NON-CONVERGENCE AT POINT AT X,Y:      1  1310
WARNING: NON-CONVERGENCE AT POINT AT X,Y:      1  1310
WARNING: NON-CONVERGENCE AT POINT AT X,Y:      1  1310
WARNING: NON-CONVERGENCE AT POINT AT X,Y:      1  1310
WARNING: NON-CONVERGENCE AT POINT AT X,Y:      1  1310
WARNING: NON-CONVERGENCE AT POINT AT X,Y:      1  1310
WARNING: NON-CONVERGENCE AT POINT AT X,Y:      1  1310
WARNING: NON-CONVERGENCE AT POINT AT X,Y:      1  1310
WARNING: NON-CONVERGENCE AT POINT AT X,Y:      1  1310
WARNING: NON-CONVERGENCE AT POINT AT X,Y:      1  1310
WARNING: NON-CONVERGENCE AT POINT AT X,Y:      1  1310
WARNING: NON-CONVERGENCE AT POINT AT X,Y:      1  1310
WARNING: NON-CONVERGENCE AT POINT AT X,Y:      1  1310
WARNING: NON-CONVERGENCE AT POINT AT X,Y:      1  1310
WARNING: NON-CONVERGENCE AT POINT AT X,Y:      1  1310
WARNING: NON-CONVERGENCE AT POINT AT X,Y:      1  1310
WARNING: NON-CONVERGENCE AT POINT AT X,Y:      1  1310
WARNING: NON-CONVERGENCE AT POINT AT X,Y:      1  1310
WARNING: NON-CONVERGENCE AT POINT AT X,Y:      1  1310
WARNING: NON-CONVERGENCE AT POINT AT X,Y:      1  1310
WARNING: NON-CONVERGENCE AT POINT AT X,Y:      1  1310
WARNING: NON-CONVERGENCE AT POINT AT X,Y:      1  1310
WARNING: NON-CONVERGENCE AT POINT AT X,Y:      1  1310
WARNING: NON-CONVERGENCE AT POINT AT X,Y:      1  1310
WARNING: NON-CONVERGENCE AT POINT AT X,Y:      1  1310
WARNING: NON-CONVERGENCE AT POINT AT X,Y:      1  1310
WARNING: NON-CONVERGENCE AT POINT AT X,Y:      1  1310
WARNING: NON-CONVERGENCE AT POINT AT X,Y:      1  1310
WARNING: NON-CONVERGENCE AT POINT AT X,Y:      1  1310
WARNING: NON-CONVERGENCE AT POINT AT X,Y:      1  1310
WARNING: NON-CONVERGENCE AT POINT AT X,Y:      1  1310
WARNING: NON-CONVERGENCE AT POINT AT X,Y:      1  1310
WARNING: NON-CONVERGENCE AT POINT AT X,Y:      1  1310
WARNING: NON-CONVERGENCE AT POINT AT X,Y:      1  1310
WARNING: NON-CONVERGENCE AT POINT AT X,Y:      1  1310
WARNING: NON-CONVERGENCE AT POINT AT X,Y:      1  1310
WARNING: NON-CONVERGENCE AT POINT AT X,Y:      1  1310
WARNING: NON-CONVERGENCE AT POINT AT X,Y:      1  1310
WARNING: NON-CONVERGENCE AT POINT AT X,Y:      1  1310
WARNING: NON-CONVERGENCE AT POINT AT X,Y:      1  1310
WARNING: NON-CONVERGENCE AT POINT AT X,Y:      1  1310
WARNING: NON-CONVERGENCE AT POINT AT X,Y:      1  1310
WARNING: NON-CONVERGENCE AT POINT AT X,Y:      1  1310
WARNING: NON-CONVERGENCE AT POINT AT X,Y:      1  1310
WARNING: NON-CONVERGENCE AT POINT AT X,Y:      1  1310
WARNING: NON-CONVERGENCE AT POINT AT X,Y:      1  1310
WARNING: NON-CONVERGENCE AT POINT AT X,Y:      1  1310
WARNING: NON-CONVERGENCE AT POINT AT X,Y:      1  1310
WARNING: NON-CONVERGENCE AT POINT AT X,Y:      1  1310
WARNING: NON-CONVERGENCE AT POINT AT X,Y:      1  1310
WARNING: NON-CONVERGENCE AT POINT AT X,Y:      1  1310
WARNING: NON-CONVERGENCE AT POINT AT X,Y:      1  1310
WARNING: NON-CONVERGENCE AT POINT AT X,Y:      1  1310
WARNING: NON-CONVERGENCE AT POINT AT X,Y:      1  1310
WARNING: NON-CONVERGENCE AT POINT AT X,Y:      1  1310
WARNING: NON-CONVERGENCE AT POINT AT X,Y:      1  1310
WARNING: NON-CONVERGENCE AT POINT AT X,Y:      1  1310
WARNING: NON-CONVERGENCE AT POINT AT X,Y:      1  1310
WARNING: NON-CONVERGENCE AT POINT AT X,Y:      1  1310
WARNING: NON-CONVERGENCE AT POINT AT X,Y:      1  1310
WARNING: NON-CONVERGENCE AT POINT AT X,Y:      1  1310
WARNING: NON-CONVERGENCE AT POINT AT X,Y:      1  1310
WARNING: NON-CONVERGENCE AT POINT AT X,Y:      1  1310
WARNING: NON-CONVERGENCE AT POINT AT X,Y:      1  1310
WARNING: NON-CONVERGENCE AT POINT AT X,Y:      1  1310
WARNING: NON-CONVERGENCE AT POINT AT X,Y:      1  1310
WARNING: NON-CONVERGENCE AT POINT AT X,Y:      1  1310
WARNING: NON-CONVERGENCE AT POINT AT X,Y:      1  1310
WARNING: NON-CONVERGENCE AT POINT AT X,Y:      1  1310
WARNING: NON-CONVERGENCE AT POINT AT X,Y:      1  1310
WARNING: NON-CONVERGENCE AT POINT AT X,Y:      1  1310
WARNING: NON-CONVERGENCE AT POINT AT X,Y:      1  1310
WARNING: NON-CONVERGENCE AT POINT AT X,Y:      1  1310
WARNING: NON-CONVERGENCE AT POINT AT X,Y:      1  1310
WARNING: NON-CONVERGENCE AT POINT AT X,Y:      1  1310
WARNING: NON-CONVERGENCE AT POINT AT X,Y:      1  1310
WARNING: NON-CONVERGENCE AT POINT AT X,Y:      1  1310
WARNING: NON-CONVERGENCE AT POINT AT X,Y:      1  1310
WARNING: NON-CONVERGENCE AT POINT AT X,Y:      1  1310
WARNING: NON-CONVERGENCE AT POINT AT X,Y:      1  1310
WARNING: NON-CONVERGENCE AT POINT AT X,Y:      1  1310
WARNING: NON-CONVERGENCE AT POINT AT X,Y:      1  1310
WARNING: NON-CONVERGENCE AT POINT AT X,Y:      1  1310
WARNING: NON-CONVERGENCE AT POINT AT X,Y:      1  1310
WARNING: NON-CONVERGENCE AT POINT AT X,Y:      1  1310
WARNING: NON-CONVERGENCE AT POINT AT X,Y:      1  1310
WARNING: NON-CONVERGENCE AT POINT AT X,Y:      1  1310
WARNING: NON-CONVERGENCE AT POINT AT X,Y:      1  1310
WARNING: NON-CONVERGENCE AT POINT AT X,Y:      1  1310
WARNING: NON-CONVERGENCE AT POINT AT X,Y:      1  1310
WARNING: NON-CONVERGENCE AT POINT AT X,Y:      1  1310
WARNING: NON-CONVERGENCE AT POINT AT X,Y:      1  1310
WARNING: NON-CONVERGENCE AT POINT AT X,Y:      1  1310
WARNING: NON-CONVERGENCE AT POINT AT X,Y:      1  1310
WARNING: NON-CONVERGENCE AT POINT AT X,Y:      1  1310
WARNING: NON-CONVERGENCE AT POINT AT X,Y:      1  1310
WARNING: NON-CONVERGENCE AT POINT AT X,Y:      1  1310
WARNING: NON-CONVERGENCE AT POINT AT X,Y:      1  1310
WARNING: NON-CONVERGENCE AT POINT AT X,Y:      1  1310
WARNING: NON-CONVERGENCE AT POINT AT X,Y:      1  1310
WARNING: NON-CONVERGENCE AT POINT AT X,Y:      1  1310
WARNING: NON-CONVERGENCE AT POINT AT X,Y:      1  1310
WARNING: NON-CONVERGENCE AT POINT AT X,Y:      1  1310
WARNING: NON-CONVERGENCE AT POINT AT X,Y:      1  1310
WARNING: NON-CONVERGENCE AT POINT AT X,Y:      1  1310
WARNING: NON-CONVERGENCE AT POINT AT X,Y:      1  1310
WARNING: NON-CONVERGENCE AT POINT AT X,Y:      1  1310
WARNING: NON-CONVERGENCE AT POINT AT X,Y:      1  1310
WARNING: NON-CONVERGENCE AT POINT AT X,Y:      1  1310
WARNING: NON-CONVERGENCE AT POINT AT X,Y:      1  1310
WARNING: NON-CONVERGENCE AT POINT AT X,Y:      1  1310
WARNING: NON-CONVERGENCE AT POINT AT X,Y:      1  1310
WARNING: NON-CONVERGENCE AT POINT AT X,Y:      1  1310
WARNING: NON-CONVERGENCE AT POINT AT X,Y:      1  1310
WARNING: NON-CONVERGENCE AT POINT AT X,Y:      1  1310
WARNING: NON-CONVERGENCE AT POINT AT X,Y:      1  1310
WARNING: NON-CONVERGENCE AT POINT AT X,Y:      1  1310
WARNING: NON-CONVERGENCE AT POINT AT X,Y:      1  1310
WARNING: NON-CONVERGENCE AT POINT AT X,Y:      1  1310
WARNING: NON-CONVERGENCE AT POINT AT X,Y:      1  1310
WARNING: NON-CONVERGENCE AT POINT AT X,Y:      1  1310
WARNING: NON-CONVERGENCE AT POINT AT X,Y:      1  1310
WARNING: NON-CONVERGENCE AT POINT AT X,Y:      1  1310
WARNING: NON-CONVERGENCE AT POINT AT X,Y:      1  1310
WARNING: NON-CONVERGENCE AT POINT AT X,Y:      1  1310
WARNING: NON-CONVERGENCE AT POINT AT X,Y:      1  1310
WARNING: NON-CONVERGENCE AT POINT AT X,Y:      1  1310
WARNING: NON-CONVERGENCE AT POINT AT X,Y:      1  1310
WARNING: NON-CONVERGENCE AT POINT AT X,Y:      1  1310
WARNING: NON-CONVERGENCE AT POINT AT X,Y:      1  1310
WARNING: NON-CONVERGENCE AT POINT AT X,Y:      1  1310
WARNING: NON-CONVERGENCE AT POINT AT X,Y:      1  1310
WARNING: NON-CONVERGENCE AT POINT AT X,Y:      1  1310
WARNING: NON-CONVERGENCE AT POINT AT X,Y:      1  1310
WARNING: NON-CONVERGENCE AT POINT AT X,Y:      1  1310
WARNING: NON-CONVERGENCE AT POINT AT X,Y:      1  1310
WARNING: NON-CONVERGENCE AT POINT AT X,Y:      1  1310
WARNING: NON-CONVERGENCE AT POINT AT X,Y:      1  1310
WARNING: NON-CONVERGENCE AT POINT AT X,Y:      1  1310
WARNING: NON-CONVERGENCE AT POINT AT X,Y:      1  1310
WARNING: NON-CONVERGENCE AT POINT AT X,Y:      1  1310
WARNING: NON-CONVERGENCE AT POINT AT X,Y:      1  1310
WARNING: NON-CONVERGENCE AT POINT AT X,Y:      1  1310
WARNING: NON-CONVERGENCE AT POINT AT X,Y:      1  1310
WARNING: NON-CONVERGENCE AT POINT AT X,Y:      1  1310
WARNING: NON-CONVERGENCE AT POINT AT X,Y:      1  1310
WARNING: NON-CONVERGENCE AT POINT AT X,Y:      1  1310
WARNING: NON-CONVERGENCE AT POINT AT X,Y:      1  1310
WARNING: NON-CONVERGENCE AT POINT AT X,Y:      1  1310
WARNING: NON-CONVERGENCE AT POINT AT X,Y:      1  1310
WARNING: NON-CONVERGENCE AT POINT AT X,Y:      1  1310
WARNING: NON-CONVERGENCE AT POINT AT X,Y:      1  1310
WARNING: NON-CONVERGENCE AT POINT AT X,Y:      1  1310
WARNING: NON-CONVERGENCE AT POINT AT X,Y:      1  1310
WARNING: NON-CONVERGENCE AT POINT AT X,Y:      1  1310
WARNING: NON-CONVERGENCE AT POINT AT X,Y:      1  1310
WARNING: NON-CONVERGENCE AT POINT AT X,Y:      1  1310
WARNING: NON-CONVERGENCE AT POINT AT X,Y:      1  1310
WARNING: NON-CONVERGENCE AT POINT AT X,Y:      1  1310
WARNING: NON-CONVERGENCE AT POINT AT X,Y:      1  1310
WARNING: NON-CONVERGENCE AT POINT AT X,Y:      1  1310
WARNING: NON-CONVERGENCE AT POINT AT X,Y:      1  1310
WARNING: NON-CONVERGENCE AT POINT AT X,Y:      1  1310
WARNING: NON-CONVERGENCE AT POINT AT X,Y:      1  1310
WARNING: NON-CONVERGENCE AT POINT AT X,Y:      1  1310
WARNING: NON-CONVERGENCE AT POINT AT X,Y:      1  1310
WARNING: NON-CONVERGENCE AT POINT AT X,Y:      1  1310
WARNING: NON-CONVERGENCE AT POINT AT X,Y:      1  1310
WARNING: NON-CONVERGENCE AT POINT AT X,Y:      1  1310
WARNING: NON-CONVERGENCE AT POINT AT X,Y:      1  1310
WARNING: NON-CONVERGENCE AT POINT AT X,Y:      1  1310
WARNING: NON-CONVERGENCE AT POINT AT X,Y:      1  1310
WARNING: NON-CONVERGENCE AT POINT AT X,Y:      1  1310
WARNING: NON-CONVERGENCE AT POINT AT X,Y:      1  1310
WARNING: NON-CONVERGENCE AT POINT AT X,Y:      1  1310
WARNING: NON-CONVERGENCE AT POINT AT X,Y:      1  1310
WARNING: NON-CONVERGENCE AT POINT AT X,Y:      1  1310
WARNING: NON-CONVERGENCE AT POINT AT X,Y:      1  1310
WARNING: NON-CONVERGENCE AT POINT AT X,Y:      1  1310
WARNING: NON-CONVERGENCE AT POINT AT X,Y:      1  1310
WARNING: NON-CONVERGENCE AT POINT AT X,Y:      1  1310
WARNING: NON-CONVERGENCE AT POINT AT X,Y:      1  1310
WARNING: NON-CONVERGENCE AT POINT AT X,Y:      1  1310
WARNING: NON-CONVERGENCE AT POINT AT X,Y:      1  1310
WARNING: NON-CONVERGENCE AT POINT AT X,Y:      1  1310
WARNING: NON-CONVERGENCE AT POINT AT X,Y:      1  1310
WARNING: NON-CONVERGENCE AT POINT AT X,Y:      1  1310
WARNING: NON-CONVERGENCE AT POINT AT X,Y:      1  1310
WARNING: NON-CONVERGENCE AT POINT AT X,Y:      1  1310
WARNING: NON-CONVERGENCE AT POINT AT X,Y:      1  1310
WARNING: NON-CONVERGENCE AT POINT AT X,Y:      1  1310
WARNING: NON-CONVERGENCE AT POINT AT X,Y:      1  1310
  2010/01/31     3.530     6.919    61.700     2.678    31.495       NaN     6.550
  2010/02/28    -1.000     6.056    -1.000     2.392     9.314       NaN     1.651
  2010/03/31    -1.000     5.253    -1.000     2.163     5.776       NaN     1.684
  2010/04/30    -1.000     4.607    -1.000     3.155    61.302       NaN     1.654
  2010/05/31    -1.000     4.043    -1.000     1.709    94.248       NaN     1.505
  2010/06/30    -1.000     3.568    -1.000     1.496    79.128       NaN     1.292
  2010/07/31    -1.000     3.151    -1.000     1.340    40.599       NaN     1.008
  2010/08/31    -1.000     2.796    -1.000     1.407    55.406       NaN     0.920
  2010/09/30    -1.000     2.500    -1.000     1.089    51.664       NaN     0.810
  2010/10/31    -1.000     2.235    -1.000     0.984     7.982       NaN     0.730
  2010/11/30    -1.000     2.011    -1.000     0.895    45.437       NaN     0.639
  2010/12/31    -1.000     1.809    -1.000     0.813    22.218       NaN     0.599
  2011/01/31    -1.000     1.632    -1.000     0.741    60.698       NaN     0.544
  2011/02/28    -1.000     1.491    -1.000     0.682    23.887       NaN     0.449
  2011/03/31    -1.000     1.352    -1.000     0.624    32.771       NaN     0.457
  2011/04/30    -1.000     1.234    -1.000     1.699    46.733       NaN     0.719
  2011/05/31    -1.000     1.127    -1.000     2.665   114.370       NaN     0.646
  2011/06/30    -1.000     1.029    -1.000     0.486    87.307       NaN     0.514
  2011/07/31    -1.000     0.944    -1.000     0.448    39.118       NaN     0.362
  2011/08/31    -1.000     0.863    -1.000     0.414    23.092       NaN     0.301
  2011/09/30    -1.000     0.796    -1.000     0.384     8.194       NaN     0.268
  2011/10/31    -1.000     0.732    -1.000     0.356    25.073       NaN     0.326
  2011/11/30    -1.000     0.677    -1.000     0.331    17.433       NaN     0.230
  2011/12/31    -1.000     0.626    -1.000     0.308    13.635       NaN     0.221
  2012/01/31    -1.000     0.579    -1.000     0.286    11.514       NaN     0.205
  2012/02/29    -1.000     0.539    -1.000     0.268    17.086       NaN     0.179
  2012/03/31    -1.000     0.502    -1.000     0.253    23.807       NaN     0.272
  2012/04/30    -1.000     0.466    -1.000     0.402    48.413       NaN     0.208
  2012/05/31    -1.000     0.435    -1.000     0.245    83.958       NaN     0.241
  2012/06/30    -1.000     0.406    -1.000     0.205    53.478       NaN     0.203
  2012/07/31    -1.000     0.378    -1.000     0.193    21.355       NaN     0.158
  2012/08/31    -1.000     0.353    -1.000     0.181    17.913       NaN     0.129
  2012/09/30    -1.000     0.331    -1.000     0.170     5.149       NaN     0.117
  2012/10/31    -1.000     0.310    -1.000     0.160    35.532       NaN     0.130
  2012/11/30    -1.000     0.292    -1.000     0.151    33.918       NaN     0.104
  2012/12/31    -1.000     0.274    -1.000     0.142    19.007       NaN     0.101
  2013/01/31    -1.000     0.257    -1.000     0.134    35.834       NaN     0.095
  2013/02/28    -1.000     0.243    -1.000     0.127     7.466       NaN     0.081
  2013/03/31    -1.000     0.229    -1.000     0.120    22.452       NaN     0.108
  2013/04/30    -1.000     0.217    -1.000     0.135    35.888       NaN     0.272
  2013/05/31    -1.000     0.207    -1.000     4.388    84.288       NaN     0.184
  2013/06/30    -1.000     0.196    -1.000     0.102   101.605       NaN     0.278
  2013/07/31    -1.000     0.185    -1.000     0.097    43.401       NaN     0.090
  2013/08/31    -1.000     0.173    -1.000     0.092    37.056       NaN     0.102
  2013/09/30    -1.000     0.164    -1.000     0.098    59.171       NaN     0.122
  2013/10/31    -1.000     0.156    -1.000     0.083    13.317       NaN     0.059
  2013/11/30    -1.000     0.147    -1.000     0.079    16.342       NaN     0.054
  2013/12/31    -1.000     0.140    -1.000     0.075    39.216       NaN     0.053
  2014/01/31    -1.000     0.132    -1.000     0.072    10.494       NaN     0.050
  2014/02/28    -1.000     0.126    -1.000     0.069    10.011       NaN     0.043
  2014/03/31    -1.000     0.120    -1.000     0.065    27.679       NaN     0.079
  2014/04/30    -1.000     0.116    -1.000     0.134    29.822       NaN     0.205
  2014/05/31    -1.000     0.110    -1.000     0.060    34.998       NaN     0.066
  2014/06/30    -1.000     0.104    -1.000     0.057    91.049       NaN     0.285
  2014/07/31    -1.000     0.100    -1.000     0.054    24.362       NaN     0.039
  2014/08/31    -1.000     0.095    -1.000     0.057   124.513       NaN     0.199
  2014/09/30    -1.000     0.095    -1.000     0.050    33.774       NaN     0.040
  2014/10/31    -1.000     0.087    -1.000     0.048    14.731       NaN     0.035
  2014/11/30    -1.000     0.083    -1.000     0.046    23.866       NaN     0.031
  2014/12/31    -1.000     0.079    -1.000     0.044    12.180       NaN     0.031
  2015/01/31    -1.000     0.075    -1.000     0.042    22.974       NaN     0.029
  2015/02/28    -1.000     0.072    -1.000     0.040    14.657       NaN     0.026
  2015/03/31    -1.000     0.069    -1.000     0.112    23.986       NaN     0.153
  2015/04/30    -1.000     0.070    -1.000     0.037    19.194       NaN     0.032
  2015/05/31    -1.000     0.064    -1.000     0.036    38.141       NaN     0.039
  2015/06/30    -1.000     0.061    -1.000     0.034    25.287       NaN     0.034
  2015/07/31    -1.000     0.059    -1.000     0.128    81.495       NaN     0.107
  2015/08/31    -1.000     0.058    -1.000     0.032    19.120       NaN     0.024
  2015/09/30    -1.000     0.055    -1.000     0.031    40.972       NaN     0.106
  2015/10/31    -1.000     0.053    -1.000     0.029    29.127       NaN     0.042
  2015/11/30    -1.000     0.051    -1.000     0.028    18.974       NaN     0.020
  2015/12/31    -1.000     0.048    -1.000     0.027    17.150       NaN     0.019
  2016/01/31    -1.000     0.046    -1.000     0.026    15.635       NaN     0.018
  2016/02/29    -1.000     0.045    -1.000     0.025     7.249       NaN     0.018
  2016/03/31    -1.000     0.043    -1.000     0.024    11.178       NaN     0.081
  2016/04/30    -1.000     0.042    -1.000     0.107    63.963       NaN     0.064
  2016/05/31    -1.000     0.041    -1.000     0.057    76.392       NaN     0.101
  2016/06/30    -1.000     0.040    -1.000     0.022    52.911       NaN     0.032
  2016/07/31    -1.000     0.038    -1.000     0.021    61.427       NaN     0.029
  2016/08/31    -1.000     0.036    -1.000     0.020    26.251       NaN     0.024
  2016/09/30    -1.000     0.035    -1.000     0.028    52.322       NaN     0.044
  2016/10/31    -1.000     0.034    -1.000     2.673   110.801       NaN     0.137
  2016/11/30    -1.000     0.036    -1.000     0.019     3.959       NaN     0.013
  2016/12/31    -1.000     0.033    -1.000     0.018    18.186       NaN     0.012
  2017/01/31    -1.000     0.030    -1.000     0.017    18.127       NaN     0.012
  2017/02/28    -1.000     0.029    -1.000     0.017    23.510       NaN     0.013
  2017/03/31    -1.000     0.028    -1.000     0.178    21.467       NaN     0.084
  2017/04/30    -1.000     0.027    -1.000     0.022    32.177       NaN     0.064
  2017/05/31    -1.000     0.028    -1.000     0.015    19.320       NaN     0.027
  2017/06/30    -1.000     0.026    -1.000     0.015    29.266       NaN     0.060
  2017/07/31    -1.000     0.025    -1.000     0.014    10.948       NaN     0.016
  2017/08/31    -1.000     0.024    -1.000     0.014    10.466       NaN     0.010
  2017/09/30    -1.000     0.023    -1.000     0.013    17.582       NaN     0.013
  2017/10/31    -1.000     0.022    -1.000     0.013    30.613       NaN     0.017
  2017/11/30    -1.000     0.022    -1.000     0.013    18.678       NaN     0.009
  2017/12/31    -1.000     0.021    -1.000     0.012    27.498       NaN     0.009
  2018/01/31    -1.000     0.020    -1.000     0.012     9.406       NaN     0.008
  2018/02/28    -1.000     0.020    -1.000     0.012    27.535       NaN     0.007
  2018/03/31    -1.000     0.019    -1.000     0.018    34.570       NaN     0.013
  2018/04/30    -1.000     0.019    -1.000     0.015    16.422       NaN     0.181
  2018/05/31    -1.000     0.019    -1.000     0.011    31.605       NaN     0.065
  2018/06/30    -1.000     0.019    -1.000     0.010    43.553       NaN     0.036
  2018/07/31    -1.000     0.017    -1.000     0.010    17.100       NaN     0.007
  2018/08/31    -1.000     0.017    -1.000     0.010    20.417       NaN     0.021
  2018/09/30    -1.000     0.016    -1.000     0.011    39.599       NaN     0.021
  2018/10/31    -1.000     0.016    -1.000     0.009    18.828       NaN     0.012
  2018/11/30    -1.000     0.016    -1.000     0.009    24.076       NaN     0.010
 Reached simulation end date.
 
 Basin water balance end of run totals (mm)
   Total precipitation              =   4732.468
   Total evapotranspiration         =            NaN
   Total runoff                     =   14.70744
     Overland         =  0.2765679E-02
     Lateral          =   3.661002
     Drainage (soil)  =   11.04332
   Change in storage                =            NaN
     Initial          =   582.5104
     Final            =            NaN
 
 
 Program has terminated normally.
