 MESH 1.4 ---  (1773)
 
 READING: MESH_input_run_options.ini
 READING: MESH_drainage_database.nc
   WARNING: The variable 'ChnlSlope' being read from file as 'double' is being transferred to a variable of lower precision ('float'). Truncation may occur.
   WARNING: The variable 'lon' being read from file as 'double' is being transferred to a variable of lower precision ('float'). Truncation may occur.
   WARNING: The variable 'lat' being read from file as 'double' is being transferred to a variable of lower precision ('float'). Truncation may occur.
   WARNING: The variable 'ChnlLength' being read from file as 'double' is being transferred to a variable of lower precision ('float'). Truncation may occur.
   WARNING: The variable 'GridArea' being read from file as 'double' is being transferred to a variable of lower precision ('float'). Truncation may occur.
   WARNING: The variable 'GRU' being read from file as 'double' is being transferred to a variable of lower precision ('float'). Truncation may occur.
   REMARK: 'IAK' is missing in the file. A single river class is assumed.
   Active variables in the file: 17
   Total number of grids: 1390
   Total number of grids inside the basin: 1388
   Side length of grid: 1.000000 m
   Number of GRUs: 14
   Number of land-based tiles: 2222
   Number of river classes: 1
 READING: MESH_input_soil_levels.txt
   Number of soil layers: 3
 
 READING: Resume run configuration
   RESUMEFLAG is not active: RESUMEFLAG off
   SAVERESUMEFLAG is not active: SAVERESUMEFLAG off
 READING: MESH_parameters_CLASS.ini
 READING: MESH_parameters_hydrology.ini
 READING: MESH_parameters.txt
   Active parameters in file: 1
 READING: MESH_input_streamflow.txt
   WARNING: The measured value at the simulation start date is zero.
   This may cause channels to initialize with no storage.
   Number of streamflow gauges: 2
 READING: Climate forcing variables
   OPENING: MESH_rdrsv2.1_2010-2018.nc
   OPENING: MESH_rdrsv2.1_2010-2018.nc
   OPENING: MESH_rdrsv2.1_2010-2018.nc
   OPENING: MESH_rdrsv2.1_2010-2018.nc
   OPENING: MESH_rdrsv2.1_2010-2018.nc
   OPENING: MESH_rdrsv2.1_2010-2018.nc
   OPENING: MESH_rdrsv2.1_2010-2018.nc
   BASEFLOW component is ACTIVE.
 READING: outputs_balance.txt
   Output variables: 10
 
 
 DONE INTITIALIZATION
 
 STARTING MESH
WARNING: NON-CONVERGENCE AT POINT AT X,Y:      1   615
WARNING: NON-CONVERGENCE AT POINT AT X,Y:      1   615
WARNING: NON-CONVERGENCE AT POINT AT X,Y:      1   615
WARNING: NON-CONVERGENCE AT POINT AT X,Y:      1   615
WARNING: NON-CONVERGENCE AT POINT AT X,Y:      1   615
WARNING: NON-CONVERGENCE AT POINT AT X,Y:      1   487
WARNING: NON-CONVERGENCE AT POINT AT X,Y:      1   615
WARNING: NON-CONVERGENCE AT POINT AT X,Y:      1   615
WARNING: NON-CONVERGENCE AT POINT AT X,Y:      1   615
WARNING: NON-CONVERGENCE AT POINT AT X,Y:      1   615
WARNING: NON-CONVERGENCE AT POINT AT X,Y:      1   615
WARNING: NON-CONVERGENCE AT POINT AT X,Y:      1   615
WARNING: NON-CONVERGENCE AT POINT AT X,Y:      1   615
WARNING: NON-CONVERGENCE AT POINT AT X,Y:      1   615
WARNING: NON-CONVERGENCE AT POINT AT X,Y:      1   615
WARNING: NON-CONVERGENCE AT POINT AT X,Y:      1   615
WARNING: NON-CONVERGENCE AT POINT AT X,Y:      1   615
WARNING: NON-CONVERGENCE AT POINT AT X,Y:      1   615
WARNING: NON-CONVERGENCE AT POINT AT X,Y:      1   615
WARNING: NON-CONVERGENCE AT POINT AT X,Y:      1   615
WARNING: NON-CONVERGENCE AT POINT AT X,Y:      1   615
WARNING: NON-CONVERGENCE AT POINT AT X,Y:      1   615
WARNING: NON-CONVERGENCE AT POINT AT X,Y:      1   615
WARNING: NON-CONVERGENCE AT POINT AT X,Y:      1   615
WARNING: NON-CONVERGENCE AT POINT AT X,Y:      1   615
WARNING: NON-CONVERGENCE AT POINT AT X,Y:      1   615
WARNING: NON-CONVERGENCE AT POINT AT X,Y:      1   615
WARNING: NON-CONVERGENCE AT POINT AT X,Y:      1   615
WARNING: NON-CONVERGENCE AT POINT AT X,Y:      1   615
WARNING: NON-CONVERGENCE AT POINT AT X,Y:      1   615
WARNING: NON-CONVERGENCE AT POINT AT X,Y:      1   615
WARNING: NON-CONVERGENCE AT POINT AT X,Y:      1   615
WARNING: NON-CONVERGENCE AT POINT AT X,Y:      1   615
WARNING: NON-CONVERGENCE AT POINT AT X,Y:      1   615
WARNING: NON-CONVERGENCE AT POINT AT X,Y:      1   615
WARNING: NON-CONVERGENCE AT POINT AT X,Y:      1   615
WARNING: NON-CONVERGENCE AT POINT AT X,Y:      1   615
WARNING: NON-CONVERGENCE AT POINT AT X,Y:      1   615
WARNING: NON-CONVERGENCE AT POINT AT X,Y:      1   615
WARNING: NON-CONVERGENCE AT POINT AT X,Y:      1   615
WARNING: NON-CONVERGENCE AT POINT AT X,Y:      1   615
WARNING: NON-CONVERGENCE AT POINT AT X,Y:      1   615
WARNING: NON-CONVERGENCE AT POINT AT X,Y:      1   615
WARNING: NON-CONVERGENCE AT POINT AT X,Y:      1   615
WARNING: NON-CONVERGENCE AT POINT AT X,Y:      1   615
WARNING: NON-CONVERGENCE AT POINT AT X,Y:      1   615
WARNING: NON-CONVERGENCE AT POINT AT X,Y:      1   615
WARNING: NON-CONVERGENCE AT POINT AT X,Y:      1   615
WARNING: NON-CONVERGENCE AT POINT AT X,Y:      1   615
WARNING: NON-CONVERGENCE AT POINT AT X,Y:      1   615
WARNING: NON-CONVERGENCE AT POINT AT X,Y:      1   615
WARNING: NON-CONVERGENCE AT POINT AT X,Y:      1   156
WARNING: NON-CONVERGENCE AT POINT AT X,Y:      1   156
WARNING: NON-CONVERGENCE AT POINT AT X,Y:      1   615
WARNING: NON-CONVERGENCE AT POINT AT X,Y:      1   615
WARNING: NON-CONVERGENCE AT POINT AT X,Y:      1   615
WARNING: NON-CONVERGENCE AT POINT AT X,Y:      1   615
WARNING: NON-CONVERGENCE AT POINT AT X,Y:      1  1365
WARNING: NON-CONVERGENCE AT POINT AT X,Y:      1   196
WARNING: NON-CONVERGENCE AT POINT AT X,Y:      1   196
WARNING: NON-CONVERGENCE AT POINT AT X,Y:      1   196
WARNING: NON-CONVERGENCE AT POINT AT X,Y:      1   196
WARNING: NON-CONVERGENCE AT POINT AT X,Y:      1   196
WARNING: NON-CONVERGENCE AT POINT AT X,Y:      1   196
  2010/01/31     8.360     6.919     8.100     2.678    31.495       NaN     6.550
  2010/02/28    18.600     6.056    23.400     2.392     9.314       NaN     1.651
  2010/03/31     4.850     5.253    18.700     2.163     5.776       NaN     1.684
  2010/04/30     2.090     4.607    30.900     3.155    61.302       NaN     1.654
  2010/05/31    17.300     4.043    36.000     1.709    94.248       NaN     1.505
  2010/06/30    16.800     3.568    23.300     1.496    79.128       NaN     1.292
  2010/07/31     0.000     3.151     5.780     1.340    40.599       NaN     1.008
  2010/08/31     0.000     2.796     3.400     1.407    55.406       NaN     0.920
  2010/09/30     0.000     2.500    17.000     1.089    51.664       NaN     0.810
  2010/10/31     0.000     2.235    22.300     0.984     7.982       NaN     0.730
  2010/11/30     0.000     2.011    65.100     0.895    45.437       NaN     0.639
  2010/12/31     0.000     1.809    18.000     0.813    22.218       NaN     0.599
  2011/01/31     6.180     1.632     5.180     0.741    60.698       NaN     0.544
  2011/02/28    14.700     1.491    13.700     0.682    23.887       NaN     0.449
  2011/03/31     9.120     1.352     9.880     0.624    32.771       NaN     0.457
  2011/04/30     0.000     1.234     3.740     1.699    46.733       NaN     0.719
  2011/05/31     0.000     1.127     7.820     2.665   114.370       NaN     0.646
  2011/06/30    14.800     1.029    19.200     0.486    87.307       NaN     0.514
  2011/07/31    16.000     0.944    20.600     0.448    39.118       NaN     0.362
  2011/08/31    16.500     0.863    32.000     0.414    23.092       NaN     0.301
  2011/09/30    16.100     0.796    17.000     0.384     8.194       NaN     0.268
  2011/10/31    17.100     0.732    14.900     0.356    25.073       NaN     0.326
  2011/11/30     0.000     0.677     3.260     0.331    17.433       NaN     0.230
  2011/12/31     0.000     0.626     1.300     0.308    13.635       NaN     0.221
  2012/01/31     6.980     0.579    11.300     0.286    11.514       NaN     0.205
  2012/02/29    11.800     0.539    16.600     0.268    17.086       NaN     0.179
  2012/03/31    15.500     0.502    22.100     0.253    23.807       NaN     0.272
  2012/04/30    14.300     0.466    13.600     0.402    48.413       NaN     0.208
  2012/05/31    16.900     0.435    15.600     0.245    83.958       NaN     0.241
  2012/06/30    15.500     0.406    14.200     0.205    53.478       NaN     0.203
  2012/07/31     6.160     0.378     9.600     0.193    21.355       NaN     0.158
  2012/08/31     0.000     0.353     1.530     0.181    17.913       NaN     0.129
  2012/09/30     0.000     0.331     7.100     0.170     5.149       NaN     0.117
  2012/10/31     0.000     0.310     7.100     0.160    35.532       NaN     0.130
  2012/11/30    16.800     0.292    20.400     0.151    33.918       NaN     0.104
  2012/12/31    14.400     0.274    64.300     0.142    19.007       NaN     0.101
  2013/01/31    16.400     0.257    19.100     0.134    35.834       NaN     0.095
  2013/02/28    16.800     0.243    17.800     0.127     7.466       NaN     0.081
  2013/03/31     0.000     0.229     3.900     0.120    22.452       NaN     0.108
  2013/04/30     0.000     0.217     2.200     0.135    35.888       NaN     0.272
  2013/05/31     0.000     0.207     9.710     4.388    84.288       NaN     0.184
  2013/06/30     4.940     0.196     7.340     0.102   101.605       NaN     0.278
  2013/07/31    16.500     0.185    23.500     0.097    43.401       NaN     0.090
  2013/08/31    16.800     0.173    15.600     0.092    37.056       NaN     0.102
  2013/09/30    16.700     0.164    18.900     0.098    59.171       NaN     0.122
  2013/10/31    16.800     0.156    16.400     0.083    13.317       NaN     0.059
  2013/11/30     0.000     0.147     1.810     0.079    16.342       NaN     0.054
  2013/12/31     0.000     0.140     0.906     0.075    39.216       NaN     0.053
  2014/01/31     0.000     0.132     1.870     0.072    10.494       NaN     0.050
  2014/02/28    14.200     0.126    17.900     0.069    10.011       NaN     0.043
  2014/03/31     7.840     0.120    12.700     0.065    27.679       NaN     0.079
  2014/04/30    16.500     0.116    11.300     0.134    29.822       NaN     0.205
  2014/05/31    16.700     0.110    16.300     0.060    34.998       NaN     0.066
  2014/06/30    16.600     0.104    17.700     0.057    91.049       NaN     0.285
  2014/07/31     0.000     0.100     3.430     0.054    24.362       NaN     0.039
  2014/08/31     0.000     0.095     1.640     0.057   124.513       NaN     0.199
  2014/09/30     0.000     0.095     3.090     0.050    33.774       NaN     0.040
  2014/10/31     6.510     0.087     5.360     0.048    14.731       NaN     0.035
  2014/11/30    15.900     0.083    17.800     0.046    23.866       NaN     0.031
  2014/12/31    17.400     0.079    19.100     0.044    12.180       NaN     0.031
  2015/01/31    16.500     0.075    13.300     0.042    22.974       NaN     0.029
  2015/02/28    16.100     0.072    15.400     0.040    14.657       NaN     0.026
  2015/03/31    13.200     0.069    13.700     0.112    23.986       NaN     0.153
  2015/04/30     0.000     0.070     1.550     0.037    19.194       NaN     0.032
  2015/05/31     0.000     0.064     0.162     0.036    38.141       NaN     0.039
  2015/06/30     0.000     0.061    50.800     0.034    25.287       NaN     0.034
  2015/07/31     1.850     0.059    19.100     0.128    81.495       NaN     0.107
  2015/08/31    17.000     0.058    15.900     0.032    19.120       NaN     0.024
  2015/09/30    16.900     0.055    14.200     0.031    40.972       NaN     0.106
  2015/10/31    16.400     0.053    11.800     0.029    29.127       NaN     0.042
  2015/11/30    16.100     0.051    15.400     0.028    18.974       NaN     0.020
  2015/12/31     0.000     0.048     1.630     0.027    17.150       NaN     0.019
  2016/01/31    -1.000     0.046    -1.000     0.026    15.635       NaN     0.018
  2016/02/29    13.700     0.045    13.900     0.025     7.249       NaN     0.018
  2016/03/31    17.400     0.043    17.600     0.024    11.178       NaN     0.081
  2016/04/30    16.500     0.042    16.500     0.107    63.963       NaN     0.064
  2016/05/31     0.000     0.041     0.000     0.057    76.392       NaN     0.101
  2016/06/30     2.080     0.040     2.180     0.022    52.911       NaN     0.032
  2016/07/31     0.000     0.038     0.000     0.021    61.427       NaN     0.029
  2016/08/31     0.000     0.036     0.000     0.020    26.251       NaN     0.024
  2016/09/30    15.300     0.035    15.400     0.028    52.322       NaN     0.044
  2016/10/31    16.800     0.034    16.800     2.673   110.801       NaN     0.137
  2016/11/30    16.400     0.036    16.200     0.019     3.959       NaN     0.013
  2016/12/31    16.700     0.033    16.700     0.018    18.186       NaN     0.012
  2017/01/31     0.000     0.030     0.000     0.017    18.127       NaN     0.012
  2017/02/28     2.351     0.029     2.354     0.017    23.510       NaN     0.013
  2017/03/31     2.325     0.028     2.326     0.178    21.467       NaN     0.084
  2017/04/30     2.355     0.027     2.338     0.022    32.177       NaN     0.064
  2017/05/31     2.047     0.028     2.048     0.015    19.320       NaN     0.027
  2017/06/30     2.168     0.026     2.170     0.015    29.266       NaN     0.060
  2017/07/31     2.255     0.025     2.253     0.014    10.948       NaN     0.016
  2017/08/31     0.593     0.024     0.615     0.014    10.466       NaN     0.010
  2017/09/30     2.318     0.023     2.315     0.013    17.582       NaN     0.013
  2017/10/31     1.488     0.022     1.471     0.013    30.613       NaN     0.017
  2017/11/30     2.184     0.022     2.189     0.013    18.678       NaN     0.009
  2017/12/31     2.328     0.021     2.325     0.012    27.498       NaN     0.009
  2018/01/31     0.600     0.020     0.600     0.012     9.406       NaN     0.008
  2018/02/28     2.183     0.020     2.188     0.012    27.535       NaN     0.007
  2018/03/31     2.113     0.019     2.117     0.018    34.570       NaN     0.013
  2018/04/30     2.318     0.019     2.320     0.015    16.422       NaN     0.181
  2018/05/31     0.277     0.019     0.276     0.011    31.605       NaN     0.065
  2018/06/30     2.222     0.019     2.236     0.010    43.553       NaN     0.036
  2018/07/31     2.319     0.017     2.318     0.010    17.100       NaN     0.007
  2018/08/31     1.659     0.017     1.463     0.010    20.417       NaN     0.021
  2018/09/30     2.340     0.016     2.338     0.011    39.599       NaN     0.021
  2018/10/31     2.313     0.016     2.310     0.009    18.828       NaN     0.012
  2018/11/30     1.142     0.016     1.151     0.009    24.076       NaN     0.010
 Reached simulation end date.
 
 Basin water balance end of run totals (mm)
   Total precipitation              =   4732.468
   Total evapotranspiration         =            NaN
   Total runoff                     =   14.70744
     Overland         =  0.2765679E-02
     Lateral          =   3.661002
     Drainage (soil)  =   11.04332
   Change in storage                =            NaN
     Initial          =   582.5104
     Final            =            NaN
 
 
 Program has terminated normally.
