 MESH 1.4 ---  (1773)
 
 READING: MESH_input_run_options.ini
 READING: MESH_drainage_database.nc
   WARNING: The variable 'ChnlSlope' being read from file as 'double' is being transferred to a variable of lower precision ('float'). Truncation may occur.
   WARNING: The variable 'lon' being read from file as 'double' is being transferred to a variable of lower precision ('float'). Truncation may occur.
   WARNING: The variable 'lat' being read from file as 'double' is being transferred to a variable of lower precision ('float'). Truncation may occur.
   WARNING: The variable 'ChnlLength' being read from file as 'double' is being transferred to a variable of lower precision ('float'). Truncation may occur.
   WARNING: The variable 'GridArea' being read from file as 'double' is being transferred to a variable of lower precision ('float'). Truncation may occur.
   WARNING: The variable 'GRU' being read from file as 'double' is being transferred to a variable of lower precision ('float'). Truncation may occur.
   REMARK: 'IAK' is missing in the file. A single river class is assumed.
   Active variables in the file: 17
   Total number of grids: 1390
   Total number of grids inside the basin: 1388
   Side length of grid: 1.000000 m
   Number of GRUs: 14
   Number of land-based tiles: 2222
   Number of river classes: 1
 READING: MESH_input_soil_levels.txt
   Number of soil layers: 3
 
 READING: Resume run configuration
   RESUMEFLAG is not active: RESUMEFLAG off
   SAVERESUMEFLAG is not active: SAVERESUMEFLAG off
 READING: MESH_parameters_CLASS.ini
 READING: MESH_parameters_hydrology.ini
 READING: MESH_parameters.txt
   Active parameters in file: 1
 READING: MESH_input_streamflow.txt
   WARNING: The measured value at the simulation start date is zero.
   This may cause channels to initialize with no storage.
   Number of streamflow gauges: 3
 READING: Climate forcing variables
   OPENING: MESH_rdrsv2.1_2010-2018.nc
   OPENING: MESH_rdrsv2.1_2010-2018.nc
   OPENING: MESH_rdrsv2.1_2010-2018.nc
   OPENING: MESH_rdrsv2.1_2010-2018.nc
   OPENING: MESH_rdrsv2.1_2010-2018.nc
   OPENING: MESH_rdrsv2.1_2010-2018.nc
   OPENING: MESH_rdrsv2.1_2010-2018.nc
   BASEFLOW component is ACTIVE.
 READING: outputs_balance.txt
   Output variables: 10
 
 
 DONE INTITIALIZATION
 
 STARTING MESH
WARNING: NON-CONVERGENCE AT POINT AT X,Y:      1   615
WARNING: NON-CONVERGENCE AT POINT AT X,Y:      1   615
WARNING: NON-CONVERGENCE AT POINT AT X,Y:      1   615
WARNING: NON-CONVERGENCE AT POINT AT X,Y:      1   615
WARNING: NON-CONVERGENCE AT POINT AT X,Y:      1   615
WARNING: NON-CONVERGENCE AT POINT AT X,Y:      1   487
WARNING: NON-CONVERGENCE AT POINT AT X,Y:      1   615
WARNING: NON-CONVERGENCE AT POINT AT X,Y:      1   615
WARNING: NON-CONVERGENCE AT POINT AT X,Y:      1   615
WARNING: NON-CONVERGENCE AT POINT AT X,Y:      1   615
WARNING: NON-CONVERGENCE AT POINT AT X,Y:      1   615
WARNING: NON-CONVERGENCE AT POINT AT X,Y:      1   196
WARNING: NON-CONVERGENCE AT POINT AT X,Y:      1   615
WARNING: NON-CONVERGENCE AT POINT AT X,Y:      1   615
WARNING: NON-CONVERGENCE AT POINT AT X,Y:      1   196
WARNING: NON-CONVERGENCE AT POINT AT X,Y:      1   615
WARNING: NON-CONVERGENCE AT POINT AT X,Y:      1   615
WARNING: NON-CONVERGENCE AT POINT AT X,Y:      1   196
WARNING: NON-CONVERGENCE AT POINT AT X,Y:      1   615
WARNING: NON-CONVERGENCE AT POINT AT X,Y:      1   615
WARNING: NON-CONVERGENCE AT POINT AT X,Y:      1   615
WARNING: NON-CONVERGENCE AT POINT AT X,Y:      1   615
WARNING: NON-CONVERGENCE AT POINT AT X,Y:      1   615
WARNING: NON-CONVERGENCE AT POINT AT X,Y:      1   615
WARNING: NON-CONVERGENCE AT POINT AT X,Y:      1   615
WARNING: NON-CONVERGENCE AT POINT AT X,Y:      1   615
WARNING: NON-CONVERGENCE AT POINT AT X,Y:      1   615
WARNING: NON-CONVERGENCE AT POINT AT X,Y:      1   615
WARNING: NON-CONVERGENCE AT POINT AT X,Y:      1   615
WARNING: NON-CONVERGENCE AT POINT AT X,Y:      1   615
WARNING: NON-CONVERGENCE AT POINT AT X,Y:      1   615
WARNING: NON-CONVERGENCE AT POINT AT X,Y:      1   615
WARNING: NON-CONVERGENCE AT POINT AT X,Y:      1   615
WARNING: NON-CONVERGENCE AT POINT AT X,Y:      1   615
WARNING: NON-CONVERGENCE AT POINT AT X,Y:      1   615
WARNING: NON-CONVERGENCE AT POINT AT X,Y:      1   615
WARNING: NON-CONVERGENCE AT POINT AT X,Y:      1   615
WARNING: NON-CONVERGENCE AT POINT AT X,Y:      1   615
WARNING: NON-CONVERGENCE AT POINT AT X,Y:      1   615
WARNING: NON-CONVERGENCE AT POINT AT X,Y:      1   615
WARNING: NON-CONVERGENCE AT POINT AT X,Y:      1   615
WARNING: NON-CONVERGENCE AT POINT AT X,Y:      1   615
WARNING: NON-CONVERGENCE AT POINT AT X,Y:      1   615
WARNING: NON-CONVERGENCE AT POINT AT X,Y:      1   615
WARNING: NON-CONVERGENCE AT POINT AT X,Y:      1   615
WARNING: NON-CONVERGENCE AT POINT AT X,Y:      1   615
WARNING: NON-CONVERGENCE AT POINT AT X,Y:      1   615
WARNING: NON-CONVERGENCE AT POINT AT X,Y:      1   615
WARNING: NON-CONVERGENCE AT POINT AT X,Y:      1   615
WARNING: NON-CONVERGENCE AT POINT AT X,Y:      1   615
WARNING: NON-CONVERGENCE AT POINT AT X,Y:      1   615
WARNING: NON-CONVERGENCE AT POINT AT X,Y:      1   156
WARNING: NON-CONVERGENCE AT POINT AT X,Y:      1   156
WARNING: NON-CONVERGENCE AT POINT AT X,Y:      1   615
WARNING: NON-CONVERGENCE AT POINT AT X,Y:      1   615
WARNING: NON-CONVERGENCE AT POINT AT X,Y:      1   615
WARNING: NON-CONVERGENCE AT POINT AT X,Y:      1   615
WARNING: NON-CONVERGENCE AT POINT AT X,Y:      1  1365
WARNING: NON-CONVERGENCE AT POINT AT X,Y:      1   196
WARNING: NON-CONVERGENCE AT POINT AT X,Y:      1   196
WARNING: NON-CONVERGENCE AT POINT AT X,Y:      1   196
WARNING: NON-CONVERGENCE AT POINT AT X,Y:      1   196
WARNING: NON-CONVERGENCE AT POINT AT X,Y:      1   196
WARNING: NON-CONVERGENCE AT POINT AT X,Y:      1   196
WARNING: NON-CONVERGENCE AT POINT AT X,Y:      1   196
  2010/01/31     2.720     1.634     0.000     2.678     0.000     0.818    31.495       NaN     6.550
  2010/02/28     2.720     1.520     0.000     2.392     0.000     0.719     9.314       NaN     1.651
  2010/03/31     2.920     2.527     8.100     2.163     3.210     0.626     5.776       NaN     1.684
  2010/04/30    16.500    10.645    25.400     3.155     3.260     0.550    61.302       NaN     1.654
  2010/05/31    52.700     9.884    61.700     1.709    27.300     0.484    94.248       NaN     1.505
  2010/06/30    97.700     1.389    24.200     1.496     5.690     0.429    79.128       NaN     1.292
  2010/07/31    24.200     1.028    25.900     1.340     2.280     0.380    40.599       NaN     1.008
  2010/08/31    13.000     0.786    24.300     1.407     0.772     0.339    55.406       NaN     0.920
  2010/09/30    22.700     0.932     5.240     1.089     1.330     0.304    51.664       NaN     0.810
  2010/10/31     6.800     0.641     3.480     0.984     1.700     0.272     7.982       NaN     0.730
  2010/11/30     7.360     0.582     0.000     0.895     0.000     0.246    45.437       NaN     0.639
  2010/12/31     7.080     0.530     0.000     0.813     0.000     0.221    22.218       NaN     0.599
  2011/01/31     6.510     0.484     0.000     0.741     0.000     0.200    60.698       NaN     0.544
  2011/02/28     3.680     0.447     0.000     0.682     0.000     0.183    23.887       NaN     0.449
  2011/03/31    12.700     0.487    17.000     0.624     7.300     0.167    32.771       NaN     0.457
  2011/04/30    24.300     1.989    24.600     1.699    10.600     0.152    46.733       NaN     0.719
  2011/05/31    97.700     6.341    57.500     2.665    17.600     0.139   114.370       NaN     0.646
  2011/06/30    98.300     0.348    15.600     0.486     6.400     0.128    87.307       NaN     0.514
  2011/07/31    55.500     0.297     4.810     0.448     1.600     0.117    39.118       NaN     0.362
  2011/08/31    15.300     0.275    14.800     0.414     0.461     0.107    23.092       NaN     0.301
  2011/09/30     7.110     0.256     8.750     0.384     0.444     0.099     8.194       NaN     0.268
  2011/10/31     8.500     0.255     3.480     0.356     1.200     0.091    25.073       NaN     0.326
  2011/11/30     6.600     0.221     0.000     0.331     0.000     0.085    17.433       NaN     0.230
  2011/12/31     2.550     0.206     0.000     0.308     0.000     0.078    13.635       NaN     0.221
  2012/01/31     3.120     0.192     0.000     0.286     0.000     0.073    11.514       NaN     0.205
  2012/02/29     2.550     0.181     0.000     0.268     0.000     0.068    17.086       NaN     0.179
  2012/03/31     5.380     2.081     0.000     0.253     0.000     0.063    23.807       NaN     0.272
  2012/04/30     3.120     2.444     0.000     0.402     0.000     0.059    48.413       NaN     0.208
  2012/05/31     5.100     1.453    10.400     0.245     5.050     0.055    83.958       NaN     0.241
  2012/06/30     8.670     0.885     5.270     0.205    11.500     0.051    53.478       NaN     0.203
  2012/07/31    10.600     0.199     6.540     0.193     0.939     0.048    21.355       NaN     0.158
  2012/08/31    57.500     0.124    22.500     0.181     5.310     0.045    17.913       NaN     0.129
  2012/09/30    30.300     0.117    21.200     0.170     2.510     0.042     5.149       NaN     0.117
  2012/10/31    33.100     0.151    23.400     0.160     0.932     0.039    35.532       NaN     0.130
  2012/11/30    64.000     0.105    29.700     0.151     0.847     0.037    33.918       NaN     0.104
  2012/12/31    86.100     0.098    28.300     0.142     2.160     0.035    19.007       NaN     0.101
  2013/01/31    49.800     0.093    19.000     0.134     0.722     0.033    35.834       NaN     0.095
  2013/02/28    13.900     0.088    16.400     0.127     0.643     0.031     7.466       NaN     0.081
  2013/03/31    17.200     0.129    16.000     0.120     0.151     0.029    22.452       NaN     0.108
  2013/04/30     7.220     2.019    15.600     0.135     0.011     0.028    35.888       NaN     0.272
  2013/05/31    10.700     1.780    16.300     4.388     0.000     0.026    84.288       NaN     0.184
  2013/06/30     6.030     0.612     2.100     0.102     0.568     0.025   101.605       NaN     0.278
  2013/07/31     4.870     0.087     1.810     0.097     0.506     0.023    43.401       NaN     0.090
  2013/08/31    13.200     0.089     2.100     0.092     0.705     0.022    37.056       NaN     0.102
  2013/09/30    25.100     0.127     0.000     0.098     0.000     0.021    59.171       NaN     0.122
  2013/10/31    13.800     0.070     0.000     0.083     0.000     0.020    13.317       NaN     0.059
  2013/11/30    11.200     0.056     0.000     0.079     0.000     0.019    16.342       NaN     0.054
  2013/12/31     6.510     0.054     0.000     0.075     0.000     0.018    39.216       NaN     0.053
  2014/01/31     4.530     0.051     0.000     0.072     0.000     0.017    10.494       NaN     0.050
  2014/02/28     3.400     0.049     0.000     0.069     0.000     0.016    10.011       NaN     0.043
  2014/03/31     3.400     0.085     0.000     0.065     0.000     0.015    27.679       NaN     0.079
  2014/04/30     2.690     2.319     0.000     0.134     0.000     0.015    29.822       NaN     0.205
  2014/05/31     4.500     0.119     6.230     0.060     0.481     0.014    34.998       NaN     0.066
  2014/06/30     5.270     0.498    17.000     0.057     0.967     0.013    91.049       NaN     0.285
  2014/07/31    13.500     0.046    18.600     0.054     0.834     0.013    24.362       NaN     0.039
  2014/08/31    18.200     0.914    15.800     0.057     3.520     0.012   124.513       NaN     0.199
  2014/09/30    94.000     0.174    13.800     0.050     3.070     0.012    33.774       NaN     0.040
  2014/10/31    54.900     0.057    29.700     0.048     0.839     0.011    14.731       NaN     0.035
  2014/11/30    56.400     0.034    16.800     0.046     0.770     0.011    23.866       NaN     0.031
  2014/12/31    60.300     0.033    15.300     0.044     1.300     0.010    12.180       NaN     0.031
  2015/01/31    19.300     0.031    16.100     0.042     0.643     0.010    22.974       NaN     0.029
  2015/02/28    18.000     0.033    15.900     0.040     0.624     0.009    14.657       NaN     0.026
  2015/03/31    14.000     0.672    13.300     0.112     0.510     0.009    23.986       NaN     0.153
  2015/04/30     9.490     0.108    14.200     0.037     0.014     0.009    19.194       NaN     0.032
  2015/05/31     9.660     0.240    15.500     0.036     0.619     0.008    38.141       NaN     0.039
  2015/06/30     9.230     0.059     6.740     0.034     0.683     0.008    25.287       NaN     0.034
  2015/07/31    11.000     0.155     1.760     0.128     0.425     0.008    81.495       NaN     0.107
  2015/08/31     7.140     0.027     1.220     0.032     0.671     0.007    19.120       NaN     0.024
  2015/09/30     6.290     0.079     0.000     0.031     0.000     0.007    40.972       NaN     0.106
  2015/10/31     4.810     0.025     0.000     0.029     0.000     0.007    29.127       NaN     0.042
  2015/11/30     2.970     0.022     0.000     0.028     0.000     0.006    18.974       NaN     0.020
  2015/12/31     2.690     0.020     0.000     0.027     0.000     0.006    17.150       NaN     0.019
  2016/01/31     3.260     0.020     0.000     0.026     0.000     0.006    15.635       NaN     0.018
  2016/02/29     2.550     0.039     0.000     0.025     0.000     0.006     7.249       NaN     0.018
  2016/03/31     2.270     0.495     0.000     0.024     0.000     0.006    11.178       NaN     0.081
  2016/04/30     2.270     0.517     1.700     0.107     0.345     0.005    63.963       NaN     0.064
  2016/05/31     7.360     0.890    56.600     0.057     1.414     0.005    76.392       NaN     0.101
  2016/06/30     6.340     0.036     9.300     0.022     1.296     0.005    52.911       NaN     0.032
  2016/07/31    13.000     0.079    10.500     0.021     4.720     0.005    61.427       NaN     0.029
  2016/08/31    31.700     0.098     7.900     0.020     0.949     0.005    26.251       NaN     0.024
  2016/09/30    39.400     0.223     6.600     0.028     0.983     0.004    52.322       NaN     0.044
  2016/10/31    81.300     0.028    19.300     2.673     3.360     0.004   110.801       NaN     0.137
  2016/11/30    63.700     0.046    19.900     0.019     4.320     0.004     3.959       NaN     0.013
  2016/12/31    99.100     0.016    34.300     0.018     0.997     0.004    18.186       NaN     0.012
  2017/01/31    52.100     0.013    18.400     0.017     3.160     0.004    18.127       NaN     0.012
  2017/02/28    17.800     0.014    15.900     0.017     0.749     0.004    23.510       NaN     0.013
  2017/03/31    17.500     0.782    15.700     0.178     0.670     0.004    21.467       NaN     0.084
  2017/04/30    14.800     3.438    21.000     0.022     0.719     0.004    32.177       NaN     0.064
  2017/05/31    18.000     0.368     8.600     0.015     1.390     0.003    19.320       NaN     0.027
  2017/06/30     8.610     0.173     2.500     0.015     0.618     0.003    29.266       NaN     0.060
  2017/07/31     7.050     0.046     2.400     0.014     0.714     0.003    10.948       NaN     0.016
  2017/08/31    10.700     0.013     2.200     0.014     0.922     0.003    10.466       NaN     0.010
  2017/09/30    14.200     0.011     0.000     0.013     0.000     0.003    17.582       NaN     0.013
  2017/10/31    12.600     0.011     0.000     0.013     0.000     0.003    30.613       NaN     0.017
  2017/11/30    12.000     0.011     0.000     0.013     0.000     0.003    18.678       NaN     0.009
  2017/12/31     6.800     0.010     0.000     0.012     0.000     0.003    27.498       NaN     0.009
  2018/01/31     5.240     0.009     0.000     0.012     0.000     0.003     9.406       NaN     0.008
  2018/02/28     5.660     0.009     0.000     0.012     0.000     0.003    27.535       NaN     0.007
  2018/03/31    13.900     0.041     0.000     0.018     0.000     0.003    34.570       NaN     0.013
  2018/04/30    13.300     8.698     6.800     0.015     1.200     0.002    16.422       NaN     0.181
  2018/05/31    21.100     0.287    10.100     0.011     0.915     0.002    31.605       NaN     0.065
  2018/06/30    29.700     0.374     5.470     0.010     0.877     0.002    43.553       NaN     0.036
  2018/07/31    15.600     0.021     8.040     0.010     2.200     0.002    17.100       NaN     0.007
  2018/08/31    19.900     1.181     6.260     0.010     0.785     0.002    20.417       NaN     0.021
  2018/09/30    23.300     0.032    20.600     0.011     0.891     0.002    39.599       NaN     0.021
  2018/10/31    53.500     0.023    22.700     0.009     3.210     0.002    18.828       NaN     0.012
  2018/11/30    42.500     0.020    16.800     0.009     1.350     0.002    24.076       NaN     0.010
 Reached simulation end date.
 
 Basin water balance end of run totals (mm)
   Total precipitation              =   4732.468
   Total evapotranspiration         =            NaN
   Total runoff                     =   14.70744
     Overland         =  0.2765679E-02
     Lateral          =   3.661002
     Drainage (soil)  =   11.04332
   Change in storage                =            NaN
     Initial          =   582.5104
     Final            =            NaN
 
 
 Program has terminated normally.
