 MESH 1.4 ---  (1773)
 
 READING: MESH_input_run_options.ini
 READING: MESH_drainage_database.nc
   WARNING: The variable 'ChnlSlope' being read from file as 'double' is being transferred to a variable of lower precision ('float'). Truncation may occur.
   WARNING: The variable 'lon' being read from file as 'double' is being transferred to a variable of lower precision ('float'). Truncation may occur.
   WARNING: The variable 'lat' being read from file as 'double' is being transferred to a variable of lower precision ('float'). Truncation may occur.
   WARNING: The variable 'ChnlLength' being read from file as 'double' is being transferred to a variable of lower precision ('float'). Truncation may occur.
   WARNING: The variable 'GridArea' being read from file as 'double' is being transferred to a variable of lower precision ('float'). Truncation may occur.
   WARNING: The variable 'GRU' being read from file as 'double' is being transferred to a variable of lower precision ('float'). Truncation may occur.
   REMARK: 'IAK' is missing in the file. A single river class is assumed.
   Active variables in the file: 17
   Total number of grids: 1390
   Total number of grids inside the basin: 1388
   Side length of grid: 1.000000 m
   Number of GRUs: 14
   Number of land-based tiles: 2222
   Number of river classes: 1
 READING: MESH_input_soil_levels.txt
   Number of soil layers: 3
 
 READING: Resume run configuration
   RESUMEFLAG is not active: RESUMEFLAG off
   SAVERESUMEFLAG is not active: SAVERESUMEFLAG off
 READING: MESH_parameters_CLASS.ini
 READING: MESH_parameters_hydrology.ini
 READING: MESH_parameters.txt
   Active parameters in file: 1
 READING: MESH_input_streamflow.txt
   Number of streamflow gauges: 2
 READING: Climate forcing variables
   OPENING: MESH_rdrsv2.1_2010-2018.nc
     Skipping 2129 records.
   OPENING: MESH_rdrsv2.1_2010-2018.nc
     Skipping 2129 records.
   OPENING: MESH_rdrsv2.1_2010-2018.nc
     Skipping 2129 records.
   OPENING: MESH_rdrsv2.1_2010-2018.nc
     Skipping 2129 records.
   OPENING: MESH_rdrsv2.1_2010-2018.nc
     Skipping 2129 records.
   OPENING: MESH_rdrsv2.1_2010-2018.nc
     Skipping 2129 records.
   OPENING: MESH_rdrsv2.1_2010-2018.nc
     Skipping 2129 records.
   BASEFLOW component is ACTIVE.
 READING: outputs_balance.txt
   Output variables: 10
 
 
 DONE INTITIALIZATION
 
 STARTING MESH
WARNING: NON-CONVERGENCE AT POINT AT X,Y:      1   615
WARNING: NON-CONVERGENCE AT POINT AT X,Y:      1   615
WARNING: NON-CONVERGENCE AT POINT AT X,Y:      1   615
WARNING: NON-CONVERGENCE AT POINT AT X,Y:      1   615
WARNING: NON-CONVERGENCE AT POINT AT X,Y:      1   615
WARNING: NON-CONVERGENCE AT POINT AT X,Y:      1   487
WARNING: NON-CONVERGENCE AT POINT AT X,Y:      1   615
WARNING: NON-CONVERGENCE AT POINT AT X,Y:      1   196
WARNING: NON-CONVERGENCE AT POINT AT X,Y:      1   615
WARNING: NON-CONVERGENCE AT POINT AT X,Y:      1   196
WARNING: NON-CONVERGENCE AT POINT AT X,Y:      1   615
WARNING: NON-CONVERGENCE AT POINT AT X,Y:      1   615
WARNING: NON-CONVERGENCE AT POINT AT X,Y:      1   615
WARNING: NON-CONVERGENCE AT POINT AT X,Y:      1   615
WARNING: NON-CONVERGENCE AT POINT AT X,Y:      1   615
WARNING: NON-CONVERGENCE AT POINT AT X,Y:      1   615
WARNING: NON-CONVERGENCE AT POINT AT X,Y:      1   615
WARNING: NON-CONVERGENCE AT POINT AT X,Y:      1   615
WARNING: NON-CONVERGENCE AT POINT AT X,Y:      1   615
WARNING: NON-CONVERGENCE AT POINT AT X,Y:      1   615
WARNING: NON-CONVERGENCE AT POINT AT X,Y:      1   615
WARNING: NON-CONVERGENCE AT POINT AT X,Y:      1   615
WARNING: NON-CONVERGENCE AT POINT AT X,Y:      1   156
WARNING: NON-CONVERGENCE AT POINT AT X,Y:      1   156
WARNING: NON-CONVERGENCE AT POINT AT X,Y:      1   615
WARNING: NON-CONVERGENCE AT POINT AT X,Y:      1   615
WARNING: NON-CONVERGENCE AT POINT AT X,Y:      1   615
WARNING: NON-CONVERGENCE AT POINT AT X,Y:      1   615
WARNING: NON-CONVERGENCE AT POINT AT X,Y:      1   615
WARNING: NON-CONVERGENCE AT POINT AT X,Y:      1   615
WARNING: NON-CONVERGENCE AT POINT AT X,Y:      1   615
WARNING: NON-CONVERGENCE AT POINT AT X,Y:      1   615
WARNING: NON-CONVERGENCE AT POINT AT X,Y:      1   615
WARNING: NON-CONVERGENCE AT POINT AT X,Y:      1   615
WARNING: NON-CONVERGENCE AT POINT AT X,Y:      1   615
WARNING: NON-CONVERGENCE AT POINT AT X,Y:      1   615
WARNING: NON-CONVERGENCE AT POINT AT X,Y:      1   615
WARNING: NON-CONVERGENCE AT POINT AT X,Y:      1   615
WARNING: NON-CONVERGENCE AT POINT AT X,Y:      1   615
WARNING: NON-CONVERGENCE AT POINT AT X,Y:      1   615
WARNING: NON-CONVERGENCE AT POINT AT X,Y:      1   615
WARNING: NON-CONVERGENCE AT POINT AT X,Y:      1   615
WARNING: NON-CONVERGENCE AT POINT AT X,Y:      1   615
WARNING: NON-CONVERGENCE AT POINT AT X,Y:      1   615
WARNING: NON-CONVERGENCE AT POINT AT X,Y:      1   615
WARNING: NON-CONVERGENCE AT POINT AT X,Y:      1   615
WARNING: NON-CONVERGENCE AT POINT AT X,Y:      1   615
WARNING: NON-CONVERGENCE AT POINT AT X,Y:      1   615
WARNING: NON-CONVERGENCE AT POINT AT X,Y:      1   615
WARNING: NON-CONVERGENCE AT POINT AT X,Y:      1   615
WARNING: NON-CONVERGENCE AT POINT AT X,Y:      1   615
WARNING: NON-CONVERGENCE AT POINT AT X,Y:      1   615
WARNING: NON-CONVERGENCE AT POINT AT X,Y:      1   615
WARNING: NON-CONVERGENCE AT POINT AT X,Y:      1   615
WARNING: NON-CONVERGENCE AT POINT AT X,Y:      1   615
WARNING: NON-CONVERGENCE AT POINT AT X,Y:      1   615
WARNING: NON-CONVERGENCE AT POINT AT X,Y:      1   615
WARNING: NON-CONVERGENCE AT POINT AT X,Y:      1   615
  2010/03/31     9.150    38.604    13.500    85.291     0.132       NaN     4.905
WARNING: NON-CONVERGENCE AT POINT AT X,Y:      1   196
WARNING: NON-CONVERGENCE AT POINT AT X,Y:      1   196
WARNING: NON-CONVERGENCE AT POINT AT X,Y:      1   196
WARNING: NON-CONVERGENCE AT POINT AT X,Y:      1   196
WARNING: NON-CONVERGENCE AT POINT AT X,Y:      1   196
WARNING: NON-CONVERGENCE AT POINT AT X,Y:      1   196
WARNING: NON-CONVERGENCE AT POINT AT X,Y:      1   196
WARNING: NON-CONVERGENCE AT POINT AT X,Y:      1   196
WARNING: NON-CONVERGENCE AT POINT AT X,Y:      1  1310
WARNING: NON-CONVERGENCE AT POINT AT X,Y:      1  1310
WARNING: NON-CONVERGENCE AT POINT AT X,Y:      1  1310
WARNING: NON-CONVERGENCE AT POINT AT X,Y:      1  1310
WARNING: NON-CONVERGENCE AT POINT AT X,Y:      1  1310
WARNING: NON-CONVERGENCE AT POINT AT X,Y:      1  1310
WARNING: NON-CONVERGENCE AT POINT AT X,Y:      1  1310
WARNING: NON-CONVERGENCE AT POINT AT X,Y:      1  1310
WARNING: NON-CONVERGENCE AT POINT AT X,Y:      1  1310
WARNING: NON-CONVERGENCE AT POINT AT X,Y:      1  1310
WARNING: NON-CONVERGENCE AT POINT AT X,Y:      1  1310
WARNING: NON-CONVERGENCE AT POINT AT X,Y:      1  1310
WARNING: NON-CONVERGENCE AT POINT AT X,Y:      1  1310
WARNING: NON-CONVERGENCE AT POINT AT X,Y:      1  1310
WARNING: NON-CONVERGENCE AT POINT AT X,Y:      1  1310
WARNING: NON-CONVERGENCE AT POINT AT X,Y:      1  1310
WARNING: NON-CONVERGENCE AT POINT AT X,Y:      1  1310
WARNING: NON-CONVERGENCE AT POINT AT X,Y:      1  1310
WARNING: NON-CONVERGENCE AT POINT AT X,Y:      1  1310
WARNING: NON-CONVERGENCE AT POINT AT X,Y:      1  1310
WARNING: NON-CONVERGENCE AT POINT AT X,Y:      1  1310
WARNING: NON-CONVERGENCE AT POINT AT X,Y:      1  1310
WARNING: NON-CONVERGENCE AT POINT AT X,Y:      1  1310
WARNING: NON-CONVERGENCE AT POINT AT X,Y:      1  1310
WARNING: NON-CONVERGENCE AT POINT AT X,Y:      1  1310
WARNING: NON-CONVERGENCE AT POINT AT X,Y:      1  1310
WARNING: NON-CONVERGENCE AT POINT AT X,Y:      1  1310
WARNING: NON-CONVERGENCE AT POINT AT X,Y:      1  1310
WARNING: NON-CONVERGENCE AT POINT AT X,Y:      1  1310
WARNING: NON-CONVERGENCE AT POINT AT X,Y:      1  1310
WARNING: NON-CONVERGENCE AT POINT AT X,Y:      1  1310
WARNING: NON-CONVERGENCE AT POINT AT X,Y:      1  1310
WARNING: NON-CONVERGENCE AT POINT AT X,Y:      1  1310
WARNING: NON-CONVERGENCE AT POINT AT X,Y:      1  1310
WARNING: NON-CONVERGENCE AT POINT AT X,Y:      1  1310
WARNING: NON-CONVERGENCE AT POINT AT X,Y:      1  1310
WARNING: NON-CONVERGENCE AT POINT AT X,Y:      1  1310
WARNING: NON-CONVERGENCE AT POINT AT X,Y:      1  1310
WARNING: NON-CONVERGENCE AT POINT AT X,Y:      1  1310
WARNING: NON-CONVERGENCE AT POINT AT X,Y:      1  1310
WARNING: NON-CONVERGENCE AT POINT AT X,Y:      1  1310
WARNING: NON-CONVERGENCE AT POINT AT X,Y:      1  1310
WARNING: NON-CONVERGENCE AT POINT AT X,Y:      1  1310
WARNING: NON-CONVERGENCE AT POINT AT X,Y:      1  1310
WARNING: NON-CONVERGENCE AT POINT AT X,Y:      1  1310
WARNING: NON-CONVERGENCE AT POINT AT X,Y:      1  1310
WARNING: NON-CONVERGENCE AT POINT AT X,Y:      1  1310
WARNING: NON-CONVERGENCE AT POINT AT X,Y:      1  1310
WARNING: NON-CONVERGENCE AT POINT AT X,Y:      1  1310
WARNING: NON-CONVERGENCE AT POINT AT X,Y:      1  1310
WARNING: NON-CONVERGENCE AT POINT AT X,Y:      1  1310
WARNING: NON-CONVERGENCE AT POINT AT X,Y:      1  1310
WARNING: NON-CONVERGENCE AT POINT AT X,Y:      1  1310
WARNING: NON-CONVERGENCE AT POINT AT X,Y:      1  1310
WARNING: NON-CONVERGENCE AT POINT AT X,Y:      1  1310
WARNING: NON-CONVERGENCE AT POINT AT X,Y:      1  1310
WARNING: NON-CONVERGENCE AT POINT AT X,Y:      1  1310
WARNING: NON-CONVERGENCE AT POINT AT X,Y:      1  1310
WARNING: NON-CONVERGENCE AT POINT AT X,Y:      1  1310
WARNING: NON-CONVERGENCE AT POINT AT X,Y:      1  1310
WARNING: NON-CONVERGENCE AT POINT AT X,Y:      1  1310
WARNING: NON-CONVERGENCE AT POINT AT X,Y:      1  1310
WARNING: NON-CONVERGENCE AT POINT AT X,Y:      1  1310
WARNING: NON-CONVERGENCE AT POINT AT X,Y:      1  1310
WARNING: NON-CONVERGENCE AT POINT AT X,Y:      1  1310
WARNING: NON-CONVERGENCE AT POINT AT X,Y:      1  1310
WARNING: NON-CONVERGENCE AT POINT AT X,Y:      1  1310
WARNING: NON-CONVERGENCE AT POINT AT X,Y:      1  1310
WARNING: NON-CONVERGENCE AT POINT AT X,Y:      1  1310
WARNING: NON-CONVERGENCE AT POINT AT X,Y:      1  1310
WARNING: NON-CONVERGENCE AT POINT AT X,Y:      1  1310
WARNING: NON-CONVERGENCE AT POINT AT X,Y:      1  1310
WARNING: NON-CONVERGENCE AT POINT AT X,Y:      1  1310
WARNING: NON-CONVERGENCE AT POINT AT X,Y:      1  1310
WARNING: NON-CONVERGENCE AT POINT AT X,Y:      1  1310
WARNING: NON-CONVERGENCE AT POINT AT X,Y:      1  1310
WARNING: NON-CONVERGENCE AT POINT AT X,Y:      1  1310
WARNING: NON-CONVERGENCE AT POINT AT X,Y:      1  1310
WARNING: NON-CONVERGENCE AT POINT AT X,Y:      1  1310
WARNING: NON-CONVERGENCE AT POINT AT X,Y:      1  1310
WARNING: NON-CONVERGENCE AT POINT AT X,Y:      1  1310
WARNING: NON-CONVERGENCE AT POINT AT X,Y:      1  1310
WARNING: NON-CONVERGENCE AT POINT AT X,Y:      1  1310
WARNING: NON-CONVERGENCE AT POINT AT X,Y:      1  1310
WARNING: NON-CONVERGENCE AT POINT AT X,Y:      1  1310
WARNING: NON-CONVERGENCE AT POINT AT X,Y:      1  1310
WARNING: NON-CONVERGENCE AT POINT AT X,Y:      1  1310
WARNING: NON-CONVERGENCE AT POINT AT X,Y:      1  1310
WARNING: NON-CONVERGENCE AT POINT AT X,Y:      1  1310
WARNING: NON-CONVERGENCE AT POINT AT X,Y:      1  1310
WARNING: NON-CONVERGENCE AT POINT AT X,Y:      1  1310
WARNING: NON-CONVERGENCE AT POINT AT X,Y:      1  1310
WARNING: NON-CONVERGENCE AT POINT AT X,Y:      1  1310
WARNING: NON-CONVERGENCE AT POINT AT X,Y:      1  1310
WARNING: NON-CONVERGENCE AT POINT AT X,Y:      1  1310
WARNING: NON-CONVERGENCE AT POINT AT X,Y:      1  1310
WARNING: NON-CONVERGENCE AT POINT AT X,Y:      1  1310
WARNING: NON-CONVERGENCE AT POINT AT X,Y:      1  1310
WARNING: NON-CONVERGENCE AT POINT AT X,Y:      1  1310
WARNING: NON-CONVERGENCE AT POINT AT X,Y:      1  1310
WARNING: NON-CONVERGENCE AT POINT AT X,Y:      1  1310
WARNING: NON-CONVERGENCE AT POINT AT X,Y:      1  1310
WARNING: NON-CONVERGENCE AT POINT AT X,Y:      1  1310
WARNING: NON-CONVERGENCE AT POINT AT X,Y:      1  1310
WARNING: NON-CONVERGENCE AT POINT AT X,Y:      1  1310
WARNING: NON-CONVERGENCE AT POINT AT X,Y:      1  1310
WARNING: NON-CONVERGENCE AT POINT AT X,Y:      1  1310
WARNING: NON-CONVERGENCE AT POINT AT X,Y:      1  1310
WARNING: NON-CONVERGENCE AT POINT AT X,Y:      1  1310
WARNING: NON-CONVERGENCE AT POINT AT X,Y:      1  1310
WARNING: NON-CONVERGENCE AT POINT AT X,Y:      1  1310
WARNING: NON-CONVERGENCE AT POINT AT X,Y:      1  1310
WARNING: NON-CONVERGENCE AT POINT AT X,Y:      1  1310
WARNING: NON-CONVERGENCE AT POINT AT X,Y:      1  1310
WARNING: NON-CONVERGENCE AT POINT AT X,Y:      1  1310
WARNING: NON-CONVERGENCE AT POINT AT X,Y:      1  1310
WARNING: NON-CONVERGENCE AT POINT AT X,Y:      1  1310
WARNING: NON-CONVERGENCE AT POINT AT X,Y:      1  1310
WARNING: NON-CONVERGENCE AT POINT AT X,Y:      1  1310
WARNING: NON-CONVERGENCE AT POINT AT X,Y:      1  1310
WARNING: NON-CONVERGENCE AT POINT AT X,Y:      1  1310
WARNING: NON-CONVERGENCE AT POINT AT X,Y:      1  1310
WARNING: NON-CONVERGENCE AT POINT AT X,Y:      1  1310
WARNING: NON-CONVERGENCE AT POINT AT X,Y:      1  1310
WARNING: NON-CONVERGENCE AT POINT AT X,Y:      1  1310
WARNING: NON-CONVERGENCE AT POINT AT X,Y:      1  1310
WARNING: NON-CONVERGENCE AT POINT AT X,Y:      1  1310
WARNING: NON-CONVERGENCE AT POINT AT X,Y:      1  1310
WARNING: NON-CONVERGENCE AT POINT AT X,Y:      1  1310
WARNING: NON-CONVERGENCE AT POINT AT X,Y:      1  1310
WARNING: NON-CONVERGENCE AT POINT AT X,Y:      1  1310
WARNING: NON-CONVERGENCE AT POINT AT X,Y:      1  1310
WARNING: NON-CONVERGENCE AT POINT AT X,Y:      1  1310
WARNING: NON-CONVERGENCE AT POINT AT X,Y:      1  1310
WARNING: NON-CONVERGENCE AT POINT AT X,Y:      1  1310
WARNING: NON-CONVERGENCE AT POINT AT X,Y:      1  1310
WARNING: NON-CONVERGENCE AT POINT AT X,Y:      1  1310
WARNING: NON-CONVERGENCE AT POINT AT X,Y:      1  1310
WARNING: NON-CONVERGENCE AT POINT AT X,Y:      1  1310
WARNING: NON-CONVERGENCE AT POINT AT X,Y:      1  1310
WARNING: NON-CONVERGENCE AT POINT AT X,Y:      1  1310
WARNING: NON-CONVERGENCE AT POINT AT X,Y:      1  1310
WARNING: NON-CONVERGENCE AT POINT AT X,Y:      1  1310
WARNING: NON-CONVERGENCE AT POINT AT X,Y:      1  1310
WARNING: NON-CONVERGENCE AT POINT AT X,Y:      1  1310
WARNING: NON-CONVERGENCE AT POINT AT X,Y:      1  1310
WARNING: NON-CONVERGENCE AT POINT AT X,Y:      1  1310
WARNING: NON-CONVERGENCE AT POINT AT X,Y:      1  1310
  2010/04/30    13.500     1.707    29.200     1.879    61.451       NaN     0.884
  2010/05/31     3.530     1.501    58.600     0.920    94.117       NaN     0.875
  2010/06/30     1.840     1.367    24.000     0.795    79.234       NaN     0.779
  2010/07/31    17.100     1.234    24.200     0.723    40.652       NaN     0.544
  2010/08/31    15.200     1.123    23.600     0.809    55.243       NaN     0.511
  2010/09/30     0.000     1.027     4.900     0.604    51.643       NaN     0.460
  2010/10/31     0.000     0.938     3.480     0.553     7.983       NaN     0.407
  2010/11/30     0.000     0.862    17.000     0.509    45.437       NaN     0.361
  2010/12/31     0.000     0.791    25.000     0.468    22.218       NaN     0.342
  2011/01/31     0.000     0.727    55.500     0.431    60.696       NaN     0.313
  2011/02/28     0.000     0.675    18.000     0.401    24.003       NaN     0.261
  2011/03/31     6.240     0.623     4.930     0.371    32.835       NaN     0.269
  2011/04/30    15.000     0.579    14.800     1.503    46.573       NaN     0.559
  2011/05/31    13.300     0.538     8.690     2.373   114.378       NaN     0.483
  2011/06/30     0.000     0.499     3.510     0.297    87.279       NaN     0.376
  2011/07/31     0.000     0.463     7.280     0.277    39.126       NaN     0.234
  2011/08/31    17.000     0.429    21.700     0.258    23.213       NaN     0.185
  2011/09/30    15.800     0.400    26.500     0.241     8.064       NaN     0.165
  2011/10/31    16.700     0.373    30.900     0.225    25.089       NaN     0.229
  2011/11/30    17.500     0.349    16.300     0.211    17.433       NaN     0.144
  2011/12/31    16.900     0.327    16.000     0.198    13.620       NaN     0.139
  2012/01/31     0.000     0.306     2.350     0.185    11.512       NaN     0.130
  2012/02/29     0.000     0.288     1.250     0.174    17.132       NaN     0.114
  2012/03/31     8.540     0.270    28.300     0.168    23.992       NaN     0.207
  2012/04/30    11.800     0.255    16.700     0.327    48.191       NaN     0.149
  2012/05/31    15.300     0.240    26.300     0.181    83.971       NaN     0.185
  2012/06/30    14.000     0.228    15.800     0.137    53.457       NaN     0.153
  2012/07/31    15.700     0.212    14.600     0.129    21.361       NaN     0.110
  2012/08/31    15.500     0.200    14.200     0.122    17.909       NaN     0.085
  2012/09/30     0.478     0.189     7.360     0.116     5.147       NaN     0.077
  2012/10/31     0.000     0.179     1.360     0.109    35.538       NaN     0.092
  2012/11/30     0.000     0.169     4.800     0.104    33.914       NaN     0.070
  2012/12/31     0.000     0.160     6.800     0.098    19.004       NaN     0.068
  2013/01/31    17.300     0.152    21.200     0.093    35.852       NaN     0.064
  2013/02/28    15.600     0.144    50.100     0.089     7.448       NaN     0.055
  2013/03/31    16.500     0.137    18.800     0.084    22.452       NaN     0.084
  2013/04/30    16.400     0.131    18.000     0.101    35.889       NaN     0.243
  2013/05/31     0.000     0.128     3.300     4.472    84.287       NaN     0.158
  2013/06/30     0.000     0.120     2.000     0.073   101.606       NaN     0.255
  2013/07/31     0.000     0.114     7.960     0.069    43.403       NaN     0.068
  2013/08/31     4.980     0.107     7.360     0.066    37.053       NaN     0.082
  2013/09/30    17.600     0.102    18.800     0.076    59.177       NaN     0.103
  2013/10/31    16.800     0.098    15.500     0.060    13.313       NaN     0.041
  2013/11/30    16.700     0.093    16.100     0.057    16.350       NaN     0.038
  2013/12/31    16.500     0.088    15.900     0.055    39.221       NaN     0.037
  2014/01/31     0.000     0.084     1.360     0.052    10.481       NaN     0.036
  2014/02/28     0.000     0.081     0.935     0.050    10.010       NaN     0.031
  2014/03/31     0.000     0.077     1.730     0.048    27.683       NaN     0.070
  2014/04/30    14.100     0.075    12.900     0.120    29.817       NaN     0.190
  2014/05/31     8.330     0.072    10.200     0.044    35.244       NaN     0.052
  2014/06/30    17.300     0.068    13.600     0.042    90.882       NaN     0.274
  2014/07/31    16.700     0.066    17.000     0.041    24.287       NaN     0.028
  2014/08/31    14.300     0.062    17.600     0.045   124.596       NaN     0.188
  2014/09/30     0.000     0.063     2.120     0.037    33.755       NaN     0.031
  2014/10/31     0.000     0.058     1.080     0.036    14.664       NaN     0.026
  2014/11/30     0.000     0.055    36.200     0.034    23.866       NaN     0.023
  2014/12/31     9.170     0.053    11.300     0.033    12.181       NaN     0.022
  2015/01/31    15.600     0.051    19.900     0.032    23.009       NaN     0.022
  2015/02/28    17.400     0.049    20.500     0.031    14.647       NaN     0.019
  2015/03/31    16.600     0.047    12.700     0.099    24.009       NaN     0.142
  2015/04/30    16.000     0.048    14.700     0.028    19.144       NaN     0.025
  2015/05/31    11.400     0.045    15.100     0.027    38.151       NaN     0.032
  2015/06/30     0.000     0.042     1.270     0.026    25.278       NaN     0.028
  2015/07/31     0.000     0.041     0.167     0.120    81.497       NaN     0.100
  2015/08/31     0.000     0.040   114.000     0.024    19.119       NaN     0.018
  2015/09/30     5.270     0.039    13.600     0.024    40.969       NaN     0.101
  2015/10/31    16.800     0.037    16.900     0.023    29.307       NaN     0.037
  2015/11/30    16.900     0.036    14.800     0.022    18.794       NaN     0.015
  2015/12/31    16.400     0.034    13.000     0.021    17.150       NaN     0.014
  2016/01/31    15.700     0.033    17.700     0.021    15.643       NaN     0.014
  2016/02/29     0.000     0.032     1.840     0.020     7.243       NaN     0.014
  2016/03/31    -1.000     0.030    -1.000     0.019    11.176       NaN     0.076
  2016/04/30    14.300     0.030    14.300     0.099    63.965       NaN     0.059
  2016/05/31    17.100     0.029    17.000     0.049    76.393       NaN     0.097
  2016/06/30    16.500     0.029    16.400     0.017    53.413       NaN     0.029
  2016/07/31     0.000     0.027     0.000     0.017    60.931       NaN     0.025
  2016/08/31     2.500     0.026     2.480     0.016    26.275       NaN     0.020
  2016/09/30     0.000     0.025     0.000     0.025    52.290       NaN     0.041
  2016/10/31     0.000     0.024     0.000     2.845   110.860       NaN     0.134
  2016/11/30    15.200     0.027    15.100     0.015     3.900       NaN     0.010
  2016/12/31    16.700     0.025    16.900     0.014    18.249       NaN     0.010
  2017/01/31    16.400     0.022    16.700     0.014    18.069       NaN     0.009
  2017/02/28    16.700     0.021    16.600     0.013    23.506       NaN     0.010
  2017/03/31     0.000     0.021     0.000     0.158    21.464       NaN     0.081
  2017/04/30     2.361     0.020     2.370     0.013    32.195       NaN     0.057
  2017/05/31     2.316     0.021     2.312     0.012    19.315       NaN     0.025
  2017/06/30     1.130     0.020     0.727     0.012    29.253       NaN     0.057
  2017/07/31     2.047     0.019     2.053     0.012    10.949       NaN     0.013
  2017/08/31     2.189     0.018     2.315     0.011    10.470       NaN     0.008
  2017/09/30     2.254     0.017     2.255     0.011    17.593       NaN     0.011
  2017/10/31     1.892     0.017     2.051     0.011    30.711       NaN     0.015
  2017/11/30     2.307     0.016     2.305     0.010    18.566       NaN     0.007
  2017/12/31     0.540     0.016     0.516     0.010    27.500       NaN     0.007
  2018/01/31     2.360     0.015     2.345     0.010     9.427       NaN     0.007
  2018/02/28     2.321     0.015     2.319     0.009    27.511       NaN     0.006
  2018/03/31     0.599     0.014     0.578     0.017    34.570       NaN     0.015
  2018/04/30     2.181     0.014     2.178     0.013    16.422       NaN     0.184
  2018/05/31     2.306     0.014     2.324     0.009    32.594       NaN     0.058
  2018/06/30     2.317     0.014     2.309     0.008    42.586       NaN     0.033
  2018/07/31     0.269     0.013     0.268     0.008    17.077       NaN     0.006
  2018/08/31     2.326     0.013     2.324     0.008    20.417       NaN     0.020
  2018/09/30     2.307     0.012     2.309     0.009    39.648       NaN     0.020
  2018/10/31     0.514     0.012     0.415     0.008    18.779       NaN     0.010
  2018/11/30     2.337     0.012     2.329     0.007    24.077       NaN     0.009
 Reached simulation end date.
 
 Basin water balance end of run totals (mm)
   Total precipitation              =   4673.649
   Total evapotranspiration         =            NaN
   Total runoff                     =   16.52138
     Overland         =  0.7610210E-03
     Lateral          =   4.859766
     Drainage (soil)  =   11.66122
   Change in storage                =            NaN
     Initial          =   582.5104
     Final            =            NaN
 
 
 Program has terminated normally.
