 MESH 1.4 ---  (1773)
 
 READING: MESH_input_run_options.ini
 READING: MESH_drainage_database.nc
   WARNING: The variable 'ChnlSlope' being read from file as 'double' is being transferred to a variable of lower precision ('float'). Truncation may occur.
   WARNING: The variable 'lon' being read from file as 'double' is being transferred to a variable of lower precision ('float'). Truncation may occur.
   WARNING: The variable 'lat' being read from file as 'double' is being transferred to a variable of lower precision ('float'). Truncation may occur.
   WARNING: The variable 'ChnlLength' being read from file as 'double' is being transferred to a variable of lower precision ('float'). Truncation may occur.
   WARNING: The variable 'GridArea' being read from file as 'double' is being transferred to a variable of lower precision ('float'). Truncation may occur.
   WARNING: The variable 'GRU' being read from file as 'double' is being transferred to a variable of lower precision ('float'). Truncation may occur.
   Active variables in the file: 17
   Total number of grids: 1390
   Total number of grids inside the basin: 1388
   Side length of grid: 1.000000 m
   Number of GRUs: 14
   Number of land-based tiles: 2222
   Number of river classes: 0
 READING: MESH_input_soil_levels.txt
   Number of soil layers: 3
 
 READING: Resume run configuration
   RESUMEFLAG is not active: RESUMEFLAG off
   SAVERESUMEFLAG is not active: SAVERESUMEFLAG off
 READING: MESH_parameters_CLASS.ini
 READING: MESH_parameters_hydrology.ini
 READING: MESH_parameters.txt
   Active parameters in file: 1
 READING: Climate forcing variables
   OPENING: MESH_rdrsv2.1_2010-2018.nc
   OPENING: MESH_rdrsv2.1_2010-2018.nc
   OPENING: MESH_rdrsv2.1_2010-2018.nc
   OPENING: MESH_rdrsv2.1_2010-2018.nc
   OPENING: MESH_rdrsv2.1_2010-2018.nc
   OPENING: MESH_rdrsv2.1_2010-2018.nc
   OPENING: MESH_rdrsv2.1_2010-2018.nc
   BASEFLOW component is ACTIVE.
 READING: outputs_balance.txt
   Output variables: 10
 
 
 DONE INTITIALIZATION
 
 STARTING MESH
  2010/01/31    31.495       NaN     4.594
  2010/02/28     9.314       NaN     0.000
  2010/03/31     5.776       NaN     0.069
  2010/04/30    61.302       NaN     0.274
  2010/05/31    94.248       NaN     0.241
  2010/06/30    79.128       NaN     0.204
  2010/07/31    40.599       NaN     0.003
  2010/08/31    55.406       NaN     0.021
  2010/09/30    51.664       NaN     0.027
  2010/10/31     7.982       NaN     0.000
  2010/11/30    45.437       NaN     0.000
  2010/12/31    22.218       NaN     0.000
  2011/01/31    60.698       NaN     0.000
  2011/02/28    23.887       NaN     0.000
  2011/03/31    32.771       NaN     0.002
  2011/04/30    46.733       NaN     0.315
  2011/05/31   114.370       NaN     0.263
  2011/06/30    87.307       NaN     0.173
  2011/07/31    39.118       NaN     0.037
  2011/08/31    23.092       NaN     0.002
  2011/09/30     8.194       NaN     0.000
  2011/10/31    25.073       NaN     0.070
  2011/11/30    17.433       NaN     0.000
  2011/12/31    13.635       NaN     0.000
  2012/01/31    11.514       NaN     0.000
  2012/02/29    17.086       NaN     0.000
  2012/03/31    23.807       NaN     0.093
  2012/04/30    48.413       NaN     0.046
  2012/05/31    83.958       NaN     0.085
  2012/06/30    53.478       NaN     0.062
  2012/07/31    21.355       NaN     0.021
  2012/08/31    17.913       NaN     0.000
  2012/09/30     5.149       NaN     0.000
  2012/10/31    35.532       NaN     0.016
  2012/11/30    33.918       NaN     0.001
  2012/12/31    19.007       NaN     0.000
  2013/01/31    35.834       NaN     0.000
  2013/02/28     7.466       NaN     0.000
  2013/03/31    22.452       NaN     0.023
  2013/04/30    35.888       NaN     0.194
  2013/05/31    84.288       NaN     0.108
  2013/06/30   101.605       NaN     0.208
  2013/07/31    43.401       NaN     0.021
  2013/08/31    37.056       NaN     0.037
  2013/09/30    59.171       NaN     0.062
  2013/10/31    13.317       NaN     0.000
  2013/11/30    16.342       NaN     0.000
  2013/12/31    39.216       NaN     0.000
  2014/01/31    10.494       NaN     0.000
  2014/02/28    10.011       NaN     0.000
  2014/03/31    27.679       NaN     0.033
  2014/04/30    29.822       NaN     0.163
  2014/05/31    34.998       NaN     0.024
  2014/06/30    91.049       NaN     0.247
  2014/07/31    24.362       NaN     0.001
  2014/08/31   124.513       NaN     0.163
  2014/09/30    33.774       NaN     0.006
  2014/10/31    14.731       NaN     0.001
  2014/11/30    23.866       NaN     0.000
  2014/12/31    12.180       NaN     0.000
  2015/01/31    22.974       NaN     0.000
  2015/02/28    14.657       NaN     0.000
  2015/03/31    23.986       NaN     0.126
  2015/04/30    19.194       NaN     0.007
  2015/05/31    38.141       NaN     0.014
  2015/06/30    25.287       NaN     0.011
  2015/07/31    81.495       NaN     0.083
  2015/08/31    19.120       NaN     0.001
  2015/09/30    40.972       NaN     0.086
  2015/10/31    29.127       NaN     0.021
  2015/11/30    18.974       NaN     0.001
  2015/12/31    17.150       NaN     0.000
  2016/01/31    15.635       NaN     0.000
  2016/02/29     7.249       NaN     0.001
  2016/03/31    11.178       NaN     0.064
  2016/04/30    63.963       NaN     0.048
  2016/05/31    76.392       NaN     0.085
  2016/06/30    52.911       NaN     0.018
  2016/07/31    61.427       NaN     0.014
  2016/08/31    26.251       NaN     0.009
  2016/09/30    52.322       NaN     0.030
  2016/10/31   110.801       NaN     0.124
  2016/11/30     3.959       NaN     0.001
  2016/12/31    18.186       NaN     0.000
  2017/01/31    18.127       NaN     0.000
  2017/02/28    23.510       NaN     0.003
  2017/03/31    21.467       NaN     0.072
  2017/04/30    32.177       NaN     0.054
  2017/05/31    19.320       NaN     0.017
  2017/06/30    29.266       NaN     0.050
  2017/07/31    10.948       NaN     0.006
  2017/08/31    10.466       NaN     0.000
  2017/09/30    17.582       NaN     0.004
  2017/10/31    30.613       NaN     0.008
  2017/11/30    18.678       NaN     0.000
  2017/12/31    27.498       NaN     0.000
  2018/01/31     9.406       NaN     0.000
  2018/02/28    27.535       NaN     0.000
  2018/03/31    34.570       NaN     0.005
  2018/04/30    16.422       NaN     0.174
  2018/05/31    31.605       NaN     0.057
  2018/06/30    43.553       NaN     0.029
  2018/07/31    17.100       NaN     0.000
  2018/08/31    20.417       NaN     0.015
  2018/09/30    39.599       NaN     0.015
  2018/10/31    18.828       NaN     0.005
  2018/11/30    24.076       NaN     0.004
 Reached simulation end date.
 
 Basin water balance end of run totals (mm)
   Total precipitation              =   4732.468
   Total evapotranspiration         =            NaN
   Total runoff                     =   3.663715
     Overland         =  0.2765679E-02
     Lateral          =   3.661002
     Drainage (soil)  =   0.000000
   Change in storage                =            NaN
     Initial          =   582.5104
     Final            =            NaN
 
 
 Program has terminated normally.
